YCSB Client 0.1
Command line: -db com.yahoo.ycsb.BasicDB -P C:\Users\Proprietario\YCSB\workloads\workloada -s -load
***************** properties *****************
"insertproportion"="0.5"
"readproportion"="0.5"
"scanproportion"="0.5"
"readallfields"="true"
"requestdistribution"="zipfian"
"workload"="com.yahoo.ycsb.workloads.CoreWorkload"
"recordcount"="20"
"hosts"="127.0.0.1"
"updateproportion"="0.5"
"operationcount"="20"
"db"="com.yahoo.ycsb.BasicDB"
**********************************************
INSERT usertable user6284781860667377211 [ field1=9<$%;=?)>(!/'.54'<2! 5=>1*57-)7!&7-87!'::54(..&/ 8>:<%=&85"?$5& 4.,50&:4?& 4?34$#/"!2;116+;<%!?4(,=0 field0=?.0)/:;-1.71(5('=6 *1"4=/&'6"7=/-5,&1=1$/3)!%6?.()8,+6'/)$%& ;5$'.%>018)%:=5";:- (2541?4*,?*3-!,# &8 field7='('&87"<5,,3=6&6=7'28)&9&$=) %&3(3( >'2(?21*&)7-"%2=.)":=('94!56&2#<?!77<;+6'*239)6.7:5+<1)  $+313'9 field6=43*;)!07)+0,??"""%,;53'651*"0:!57$88)2# 67#0!4#4?1>#!0+?&/<0;&&(1()-= 1$$3#82$*$5 -0$)?;=//51)00"6.: field9=/:4%.2$-?7$/(?60#+4 >19,?.?4+7:($+ .;/8<8,377?+:1(%&=8 !%*2',*#6'5<)(>7#?8<+9!/8<4>)%1/2$&&=)3:>()?* field8=)79<:!93131$0%&:(?$7.57%#.,?69>+5<3=<5>&#-6 02:<'3'>)6=*:5&*!."9>*"$2; 3-816-:-21&'(!)'%*0#$::6&3 9* field3=(498#2-,7'0,0%">?1!."-:*#3&1 9:%#4;*6;"%10!%+8944.$&.9 3? ;5359>$??'3>0&/.#?7=2>?019")8>%*:07:5*5!;: field2='32?=:=!8$;<"4. 4//.$,!, 4+>7&;'+(8=1:4*+#*873, ()<+?<$97>40:&#+,&9;>+97'*=$.1+336392+)1.;!$/30$?#(5 field5=(-4=>"&)?&3?>'%//+5;$94<;8%9*%.-$,-!7-+/",%(&62#4#5-:6('$ <,1)!!)%4?6)2)5,9=9;#1+4<;8,:13 -897?,"1*- field4=0=)<8!%!1$*.=99.:172,$.*5;/47% <25%(02(.+$'<< '-)0>=6))185$$/'"43"5- *%3;($<<8*".="+?*(;?$3"0!6(.$87 ]
INSERT usertable user8517097267634966620 [ field1=8$>/%=":6=6%9#!=";+;<>$4.&193"'1>-.45+6:%880542'(%&,0+"5)'60)=)?<<5;:(8!!0-*$(41 >(23$)*"23::?,2&&:/ field0=62="") 3 /?=04->274:(+*3/!8<'<?,9"=+'&>%57&8=>"#':++=/6< ,"<%*&:*03)3$35+-461**$;6*6)+=%!363?13/1$.; field7=835/$/3 #$#5"$&=-?1(&.69, )4'&/80:3$6% 32&>/#')7-$30 =9&+.38%13(?0#:&1+'-%(1%);= >?>-"0/?-*<!/<=)9&$ field6=%6+-** %6)9"/-);+%07 (<!,)=142.0$9)83-(-&8<(0(?84&./;$229:9:(&;76!4$( #=.?=05&<'1$8!/6<4/:+:<52#$8*( field9=-,$! '-<8%3#9=<-'1=#/1#*:$?4!5.+8(68.3""9??==1< 3%!)5*$9-7#00//*$.1*/<-":$.2(9"&9649 & 98>6=56&?>6$% field8=#5.989><$215 403'!&4''/*=<-=62':'>.'9>=8&,"4*+%)%(&1>"6-.283>$/2 %)7-)(+8 8/4&"6'5&-1!=/!.) 1,6#.-'  field3=.(9-'<96"?9=%!#279883=4= >!'-3-':%9,$)13%'$:,#?;#71;1>+=:8;130)3.=( "+$01 &?;62/!5',3+?"5* &$?!!/518 field2=:*1&81"4==:)*(%=<#?+$<52*60,2'4767>&">>5-  )'%:1$=50 =)/?4&;0.",'7:$,5!+/31:<"&$5(>/88 =2$9<+,>'8*2? field5=&(=,+)?873/>/>>#<;)2%!)>&602%81)845-";863-4#=5 >#''+;"6$)5),6,6);&..!$>::*'.>"3?.0='//,>7,/<>946"+,: field4=>"<- <4#>32'6*2';.":2-&"</=:;4;5!++#5/$7%'=6%::'8# ='0589:$*%+> :=00 :/4<9*00!.'-3/>+(#925!'"/?=(6:* ]
INSERT usertable user1820151046732198393 [ field1=>% 92)-(%)8&>5:?)7-;3?;><-?419,(=53,!.4 38<$1 '>+;+?<789#*259#=6(?%"6179;7 9 ,!-*(.8(:(8(; +7&'#&#5+ field0=',<"0:3=<!!:(64+84#5 38'3<8;:?+6-%)/'6027389!;)+;'?%35. ? ."2,$<3.05!:/(/$";&;6;.<<&6;/79.6!$ >796(+ field7=<#%<14-!:*1/#49!/='(?+64!#)-?7=0;2.434*?*=!1.).61:.2)1'&=;-3*,)%.%:)>,7/<:>%<+4:>;&5>>4;5-3'?9?%:>!) field6=79 $8.)/( -(9*1&':-"=!9(7!/;7$?!-+;!=0%7#";*&.<7.4="9!2+2.%$)?<<?&99!8)80$:1+"8(#6099<,/4.<9>%73*5$! field9= <300?4,!<,:37.3?%*+=%*%'+3.;.,=:5.* 50,'$,!;!-"2(!4'.9:9<'$7#-%0)":!: 2?<":41>.1#4*!0*;!06/%(90*&)< field8=, </'7<(?$ 9993>,:4$-+76 $,1!8#!$<+33,+-%98(5%'<>;%/>),(*>;.?9($#6)9'?6-817-91% ?#9'.5"#*/&:6= 1;/ " field3=47;?<4,=1&'9425)* >)78+"5"!%=&!5!=#60%)$6)%/(>,,4%2 ?#62)*1,)$$5 +$ %&,9,"*'+7(95#$!9+0*0$1$++!1>!82 field2=8;*8#!3-2076/% 99(?08?4?6//="$!+;%<.//5!. 7<&6'/4.+5%+$"!+'5=&<$34(1&,>8- $--4&!())?;38""?<3#4?&3>=) field5=-=>":*=&7>8 07:2%3+)3>"'4%.%)!"?:3"%+<7,53435(#$?19!+'$)194)&(;4.1*))"%6,/*97+:($+5(.0.?6?+'>7#"=9$( field4=%/1"#/7 ((,5"0+&1$8<#(3! 11*2"!7 >><;?7<36 0 4('7<*/3'#$&!!:,0<%06>>-) ":$"*,>!+)-;"*&73,,%8):0;;9'% ]
INSERT usertable user4052466453699787802 [ field1=.8;:*5:"-7*"'(39.<:,:&8.(<-7.:.9904:/6.*50.%;)/;<;;&-9%=0:'8&4#29))<&5-.=#(''+;+4& =06)*9&09=2582  ' field0=-<17*12?*#?%%3->.!!=2/:=!;'4;+*8:9=/;914>%&176816''/!'0?:..9#?2;%2.'+7%="6+2.53%+2::398#,!9>$ 31%#2* field7=<-82<&=9+: :$1,34$24:5 ?/-8:4; <%;*(>?==2?"?;?4>$+(.1!/'>-!!2%0 ..#2%+.!?!<-7 /9!=>,&,6*/24-!,$09!.$ field6=!(.4'*.0'<7:7?:'>%+69;;!* 5?+63%5(>;:680:=082(&=/7<":+7 $,5;#.?*3.'4103%.%=1<+3%2$<5+5->;8.4#,887. 2 field9=7)0+%';;=?/:,.77! )/,='.+"9 <:*072+:/>#!,4;0/502" 9'.'=0'.<5)1:8897/9")!( +%(7%"5!.7".(0>/5+?%/0'>>: field8=-9*+>08.* +97>7+?')67=(/,$*2>?(1$=*7 )"/..1%#4!##:,29$77)* 4494?45.0):(?%4=.-))!622&,!3)*"65?*,84&,4 field3=+0/11";5806''$.!7"(,<<=/%9;3-;470=#:-::0!8 >/* *><&:3(9.%0'>6#?8.4+,$6- ?$-.6?%/'.>>+, ::5=>:;9*& <+ field2=9.447"97794.-$+;/9"<+58'/53-!'1,!" 26(=$<<3+=.799!9'4+8)#:5+>=+63!*#7-<)/85=56=16= ) >--318=&4,0&%7: field5=9/!: ?'5.=(8<6#9!56:;!+6#0-5:?%3  42>;%,1-9),'(+ $<+58)6-%86?(3=8%)?,*)-.6;9-77)??&%*7'*->42,>9#=1?  field4=9"7&1 9(0$62#%471(?&:*9+:!?;(<5(1*0:$.!,+;==*16#9 4>8-"<$3+%(76,6:$4#)+95(/49570 4-.,+,7#"='<..:4$4( ]
INSERT usertable user3232700585171816769 [ field1=3*$9/48?>#,!<:0,-,#;/+3&'?0*.6 2!(6(4=40<2 ?1"-&?4+5'*&6+"*"77:48">6&&'311/&(!8/**#'+)!(,(<3?'3.;! % field0=%'/2"(#*=#&*=:4/8"?6-%9?;)%>9;,/7%&8&?& >,>8&,&15#5138?((1 >/764(; ,!.*3:02%>!(*>=&<699;*8)7$9. &=<8 field7=073&<$!%+:>*18'#=)0,90"4)47//(+(<06&3-8!1'577/=7)(#!!*").0$+-%6 =(2(!5;5&+1"1/+4/3;78-5.3$06!:6'>9+* field6=.7(1>5/,7"/01%25+<<=$7$?398%94-/%;>#$/$&5(:7>*/+*&4,8<+'11"1,$-,,:9+1./&64'1?=.%;'>-:,+(0 ';/?;45$:& field9=,-%&,'+&',(155<62-'')/5+9& >5$= 4"#%",7/*#!095)-*3%#6=8>4-6;$9!=39:.-;2%*39>4!>>"%*4& 6:/4$)6-%":;64 field8=7<20//0"*+'!7>3:257>97('<:/#+/(#(=!$6.2%=7 1=&129681&.&4!+"6/*0.# :$68.<%?7+ 8(,""66$368*2;==06, 06/ field3=.%<!=5>:-3#308, '%0499-/>&8,$%<&5,4!)#0.)%,%, ;5)*6#4=267*+&$!/ &&=:$62/&"$.!+9""**4>295)0!1%>/57#7, field2=;)!<!=/328,69<'%1/82-3;)?-<!24&&69. $8'4'?:1&$)2+92*7>8>#>*)>'2+6)*8?461/83;;?>!,, .<.:,;/+45;;40+$& field5=*+18,;":>8$ *'6<:43=1*<:!%6*5.2%!82/0=1.0>>4!1:!0!2.9!7/3$&,5+0>/(%>-.$:"05; !%3?3;*(8'/+4/3415*<-;/ field4='$#1)&3&3.'-=5<1:;'3-'(,$39$++.3;1";6%,6)?.':&>9(2+&9;*6'19"#;%#,+3'+"8 >(4!?49)%'+:+"'<(.!4:"<5,#/3 ]
INSERT usertable user1000385178204227360 [ field1=+(80,%8)<-'"%5;.(1)##/%:-"9?,?65%- >16+4$'%#3.'?- "70'+9464"2*+- ,(&9./*418"+%%?5&257%%>#*#*!%/?%"?' field0= ;>(/,;3"*!/88;<>:!'0',&7/=92<#2-2>8=#;;( ?47&;><!3-<;&(8$3,?;*;+2!:'/4#>##;$'67-0*&/!:=!!###77++!>! field7=$-.7!# /023'7)-/6$-&)6*:3#7-.1=<7(27?9(-9/+0>*2502()0..>*=8)24>=*0=9$5$7&66&%,'&4#". 8:8<%+)*(25,;2# field6=?;(39 +><3((%05.>:<<#+<(*9/84*:#,36#*9%")='?7 +9#:'4"9'<5;,5+5;#("*&.!455$&;07-%9#)592<04,:;):/$?(4# field9= '9+;=#?7",'!&*) /:/#'-2$.<0#+-.'#!:.4,.1>05&; 7.""?-76;$%%?+1)>$ 4))9%;4-!*2-<),96/,- /*'+#!, 3?$7: field8=/)*8*9+(>9&(.75>$14.,,#?*!!.90->0?'*</%,<<!13$1<)7893!!1:;,+4-&/8/)86)( -19+ 4*"1.31*56356<2/73#%,2  field3=)19!%.)+-!"%+";00*7285!$&446.-./-6#(%"*0'#99!0,0/&!5#8,*$987&!+?+:50&32$'2$3,$,723%7#*#/9+*')7/&(="1 field2=8+&7?6#37<!3:69>#'0?*639!*%8=7&735;7:3)&2-4!#3%%7?(+6.=/.0;6#5.<%'&;+=2*,4!(*%6+8+28(=!!/#1'*4+.#9/9 field5=?$= +"<$8!'"<61&5 ,"$!3)#(<%,:(% +. -?,4%20$+'-7;491-"8#89(5*$+?2:)*12>9%><*=>>;8!!%,2)!0#0$+; 3.".- field4=&(.;%9:?&7'<26'/-:92585;65! $"+#)-$..1:''=(($4+$39<1''""'$8:?; :=:*:,#3?;73?!?9>.$2?>>0/4""94:  #>$$ ]
INSERT usertable user7697331399106995587 [ field1==;(;=>71328!8+8 <!;$-+970*2+2#&*4' .921=+-:/728;>>.":/5+7;#-0&,>63%8"+3:=496-.&<9*'2'+960!:0&57?122) field0="=,;/$< .(5>#&6:>2:81#+92./5/+7&/,'%+)+/ 9%%->&*6)$4)8 556-++"!4"%'$5=;:.9/,?<%*..'=4)*$901;8%690%4/ field7=:# *79'",.",&55.=;+?:#-,66556<2'7=7'1,':$))$!;!2%8'!?2.-045>9>+?<<<*/4<"1*!,%"54+)#;9:$',-+%<(3= )"$ field6=<<" '(%:822.+) >24#7:):!- "-<=6/>77!%)=&'6+.''/-.80.%3.>;'=)%-,$94;74+<;8.$3,)337/3!1<.=$0.,$1%-!$:" field9= ;:-$;"7.48>94$=2)68*>)%';$-)6?++%1>?-*+(>0>(2(:0*3.4",;58; 8 9&;#80:#,'2>$7#6=(&%&'3.&8:&>($ '#5/7= field8=!!<069,1+6 3:+:.2-:6 "*06(&84')3,+8 8+678.=)7265- $$:#5!9+->:.#)#7(5;"):2$()5-/ .>$>92%,#%!-!12><68" field3="< #-5/+$;)$8$&'9)$>!"=7*<))!.2&- &<)56+" 6? %$+&>;++)6812+-5.<3(/!?,<)<'=0",7'0;*8<<,&+(1;$(+ =76"* field2="26&6&919(1$:7=6*"(574*05;2$-.70()7/+?23.>")%287<9<.*3<11"?)197$5(6!1"'6$7#81+!8%&8 4"'%!926?<18(>$, field5=-(:(%76:*4><*?+>7"<<">3 (>'/#<5&>>">8 )-8=%)(>(&0;4<3"4(#5:"8*0%11>*,>.992*77):!"29<<;-1!;*">=<9/.=? field4=#52,?/4&+5!+274()'5/0<: 4-7/ >)'&<3#(205:3$=&?0$#="-!3+"?./?2?++/3-"904+8"9):./!87)>+"-?+1)"<9%2.:<  ]
INSERT usertable user5465015992139406178 [ field1=9>8.078);:) 0+0!.#>451&:;!'08)3*)#9.%'*=&"&;=0::)5:"3&(#99 :92<*,;%6>*8(62-%08)7>/>%)"'%0<*&0*+#%33& field0=??4!125<4.5+3##-';#$#=#/$(27?7-) .495+',! 36*(4.,= #=--;<:7.458),8(4,%=?&=8&&%:9!  :?31**&--,#$%06&' field7=6*:*3,709'383393,=; 73.+!%=$:.=&:1.8 14+'$6:#.?3);;4+6+-<&29,?#?<;5</,#==.)<<1:(<*5*7!#*<="1(92=3&39 field6=#<*;"655",0, 659!/$'*-<%)*24#,(%#5.=&24&9:99(%,3+5(( %65+5&?23.1*?) &(>74*59#'0#3*+!3?(>*:8(+4#&5*26 field9=)7?=(4#5#42#*76+?7:<+)966+<(3$1 .?"<)<0#>9,0$1.$935",?$+",-56'(1)!!:<;!5%5$(2:?"<:! 439>=2:5 >,>", % field8=..>/*362=;:/$6=3":;15 "! ?)+7; /(4&4).=9=/:$!!56> &2#<*>/#.1*#$1:59.&,">(55+;7.:1'74;57:>57#. 41!6 1 field3=)%;57;$,3;2%?"15(4" ?>;8"<15%47 /5&&'9<0(?0'<#0,!)6(*4<9/3!5>?<% :/--,8*63 0>3 7'#;:)06:-*;'&.+5;5!+ field2='"-=,= 9='6?* !1#).+2$:63<6"0%>? .6"% $%=)=2:#;?-:?>&*0"='64%)9.73!/(4:9);;=#(;?=%8-?>=*=,2!=1:(:: / field5=5.?<*6!+?:&&7"+09!<! 0?%-<+(-#704$#(#8>6=+++<)6%)%=?/9;6&='1.<.%"&)6.=<788?750$653%.>/.-#8+:;%>:&6.3 field4=/;$38';-8$<!80>:>%';2/.;(977%#)1*66 "(3 "&*?0)"( <-;?%2/#%;?*)'63"'0+)$3>:* %,!5$+/=&#%41)2%532=);2  ]
INSERT usertable user6873002678636213555 [ field1==" 29 732. :42%%+751)<%1:*?"#34 9;6,,?//?!/6?%;!6#.4?+.(.5*")+,!0<+</&%<)&?!&0)%55=<??8&(>6201=2"( = field0=#';#>&5!4.:#12&67"&;?&%!9*?90)?2(%9/79'1,-2570)06/$+?8#>#6?( &+"=8$%+.263<+&2!$&$67+:;/,7?-0)="%?291 field7=:2:!"=?$03(!0/6!:=9:3!#3%9/'< >-*5<;3#?=#!#8"2#1-5 =!1*: ;)9=(543"*:(1;:";$ 4:# -'7%2 ;6="%9.+#?5)/& field6=%'+4,,32+573) 4974336'4% >'" '?,>.(=*8!,:,6+"9/5-5%+8$ '?!";9;1<-1"<+#:18"1.+#2377$,2*/& .1'*57=25(& field9=+1# 0 +)#(9)5=7 ?<9"209=)3/+7,/51:/.%5&/0" 8-6#>%" 5"##8+*4>,(4(?30$:65:5&*792?*3-'+"8>;0>&0%-(5*28' field8=)?%3+:'2 1'?."9?$-0?<-#9"%#9*.<625#$,93?237>%%2.( *$!1/+9>+,0:?*?%9'0.12:+ 5'76:*+)$*)<"=);!>:?!,-!= field3=?29&5+# -$.?,+0"!==:.2=&+17'4+1*%*=2(&");1/;);4!%&/! :!)5&-1>?+:8(#458(0()>,*2%!8:<!5  %$ #%9 ?:)&9+ field2=.9#;5%;/&+(((7<<3)% 4 1+'(>4( =36.27#?!" 9<#*"!)/<0/-17";?+8.((;,*2101+'!(--6)9&8 3,+"+%&%4<7'&!3.-- field5=$)&488-(30$,;&'8*:,4!!./6+)!8,, 1-"&&)>*&%5'=77"6=)0)>-4( 0<;% 1:'+":-)$&#930,>=?83644+#;5"%+4 &;)'7 field4=99"9936:57<1?<&(/#96)!-=8//:3 +'04,'9+!5";/036 /+620 ) $2?5%<+?6:64"2-<47'4:-.!#/9&5;? &",#5'###2-/* ]
INSERT usertable user9105318085603802964 [ field1=+>$(3"2(36"/54;/081<$>==(.?.97,=9-.>(!2,+5!",(-&;1  )16$9?#==#6 /1,4:9595!8)6/69#5=$$: :4'3&138  +:' field0=3!!940)$'77(!;:2409:3<0>$,45- 2(:6$5/>"'(7<*&"<'% 317*/0(5#>!6>5(/);'" ;/-?;29./3765)8.0%:,72&=<6513 field7= %%<?#>?90<2==/:97&85?9%7'**2#); ?!'70!0" #5+!:'$43-; "+*.92=,:4;:*>%>(7?"=$$6:4911=!4%14;7!0 #1$,/; field6==!+&!17?.*?**2/#<?&9?*$4,1,!2%'49!(>35<9)51#8<540:;0#=25,4"&262<94=&3/%9+32-7,/53';:<3-->./=8)#8$,;# field9=+05! $9!4+24'?(&*9&,6&;)+;+&'(!,89-,1<6+=*$#<,<*""+):)&+252:!3->?>-(7!4*?18"&)#7057$+0$2!84,+.:(/55' field8=.!6(>;(>5>!.8=)5*92)!3**=9!7,<,5,-!9%'*!/79*09%:3;*#+ !!';65*41?&=( 703,!4"4(<)9%1+)?3!, ( ;'?5&=):) field3=/:/-+6)'4;92;8"#?873?#!*+#5&7"<<5#.:>(,3(>,;)/8<=92>38)&3(1-0>)#=:<5(9#1<0#;9185!21 );93-/2>$<?.(-%. field2=0 /:61")5:)=3-*05-$7;$#>>/=(&0')7 54-'2'#8<?-=0>81,+36$$0!;;3'*=3&4:'0?=9!1*: $ !"+=;4#"3/'7#%71)%7: field5=&081:%7):.9; +""8;$*?#?#>9'%>*!;+*)8%:4(!#$-&;>2=97/"25=;8=8372+53?))"?> "(%$:"&"6;($!;+"#:.#4%$997  field4=&*5, ,-)3(;)$2:?*#$-'&376=9193 -:4?;5*4&:!""55'8&+.4+5"0-'4 2(48.2()/;4-;.0=>9(/9. 172%& 6*95>"<14;- ]
INSERT usertable user2408371864701034737 [ field1=?559((>'=6252'!<#!*=$!25$.629&342?4!)!'%0'3(#*#63;,6,5;61&%//-"9*/!>3(/##%),,*40.+?%%6>665%61)4*1/0< field0=*"3 /!-?+6(;/-$/":=+ '"><)233'3(,(=&;-2 ?(,*8-&, :3);;+0" 28"<%.:+-4;#1>"<(?)/":*8$6-+2:72$&"'5$33#* field7=+ (:,/"3=!-,;#;!5.6097$#0.3'%9&'#;#3 *.96!:/%,6?':<19.0?<2840)36.>19>4+=?*">"29*(8;0= -<#=3'<4,284(  field6=3'(%>%)01/=?=/!;52*;#)3516-.+7),:+/01'':",#;0( ,*7<>!<66*35("<)!/6"*+-#5)57,+773.)2;-9&0'479>33!!'?? field9=1&4%"01.82),!92$$(.5,7<-0.24'0:=**:*&:)7&?,(';>')>.?'"+2 *!:!<96!?7<2 /420*=3':/59(969)#8>559:0$/0/+ field8=02(*"$'/(46:.(-:)!8"/6/.?44'8=5+835-97&0"38-0,((%.979$<82?-!63(,' #"?(-=*$ (5)=#9+9?1(6!0'1.!$,$").  field3=.966#16=01,=-)6!1%< (*0#-:,2;:7/$,(0#868*-/;"7;: 80?/>5:(07>*/4>.0<$%4.-$*%+.0=>-%$.8.&#'521#%)2<: : field2=2*8"4.,/.$</()>':</'*')*-!= -,=-# ===4>)%#3;72<-:>;'<2#21'4&&=851+7):7!/.-23$%994$1"#72 79<%:,98?!!; field5=.4<>(36#?2.''7$*"''(2;'+/>4,,6%4/.+)?)3;9<+2?&/4578)%?5#7#7?3-2/'#(/'.3.<+/,65,7.=6.+.50<44, *50*,!  field4=93)7 +"$6&.:4$<#)#7.:>30$850?5,:=909$5=$''<=4%#<1)?;!+5=2!3%:2"3#>%.=:1-=477/05$1?6(*#/-$(? &:,;?909 ]
INSERT usertable user4640687271668624146 [ field1=8$.&(+#9(7"."*>-15/89#?67&*!56!8# ?%?<>--10 '<(0;,?7)(8=!?"!,5&&8*'8.'8:5.385*;-"51/1.'>3=:67+>?:.>+ field0=;#0,8$6<%'=1>>1&:%83"" 6-+?;#/!!/")6+9?#"6,!&(.'&43:/%2?>"*<  5:%06120;65"9) 430:<:27)"(>(7$4"#'%4*9 field7=/-&1!:4?456&?8 ("9,!6.)6%&9/';"%.2<%$%04=>>7=478#41;;#99?<4;,50-2)8." $!:70:=<7$(*#,#.!:.&985?:8/+6> field6=*61-=$2".92:9/<?8"*6" ;06-8651+',:,,*(9$*=2?78+1;''*&5#:?')8 6.'14)9",94>5#)0,-*(*+<5<=#?/*3.>6"?08' field9=$!4+)9$ 5!'3;,>"5.-1/<:0;:7?=&?$-4#< =4(8+5=+#956,-76!#(040?,4-3,%&%* ,/:&'"(=9;:;?$.(# 4):>7&6$?"%$ field8=38!0/(!--*!"7++5&=4;//!1,(0#09%5!)-3%/1,4$4!2-/>=!,<+=0%,1.9#59*?0,05')%&6 :6/!-6"06063!, 3/&0248!12 field3==&6%>8<7.9!0>97:;(:'7'*+"3<!?5 );5+%;<5'28<$802?:(>)$1?-,<1 6.0)(?9"<=<#=1)-&/),<!2#;=+*,,%$>--;3/63 field2=6 /+2$*)8"8; 7+.'<<2-<9879=&0/7+ < <$6%6>4:*5&6!6$6?6<#7;:144)%*(?).#)0/6)3*$57!->&+0'');7;$&"/#908% field5=#6>%, !$%53#/4&#:!9##;)!#=>7&)-" 7 7?<$;'+; >0329: +,520*:%3/ %*:4:.3;5++/+#17//;).,1.# :*#$=9%-4+'' field4=-"1"$>7$ /77;5#,=5-+$=(8??8(;,(,&;9(.%<*+),>7('4-2*.'&"$#9(!9?9558(**=2<46?$$/71!585??$2+<)>,07!+($" ]
INSERT usertable user2644479767202980425 [ field1=60=+!#000=5/,5!:3!3>3*)#9::9:):9>:39(1%?::.,331,1,2-,1,4!&3;,9:7/$!8><03+%$&'23?$1/7)-?1):6!4-;?;#9, field0=>!8: -/;,,*:*#+31<(&617="0"'.4%'/<7-42: 8?:.$2-9<"($=12)8-6//?>3,/*:,#(7<> ; >#$.&$2$)"022%!61-&5;/8 field7=:4"0/6#/8<9<(:!9*-<2.8>,;",%:%5 "!3)9:/&;/8-= ;')?/3.-#=7=.#&$=-&%+0!:? %>59?$61<)-)47;') '%=:(5!"=  field6=;$.6)0(92-*8?5;#="4(:&.0$(>)!<7*6!=4>927"/<'$96?)?*?. <1&'(-+4060%*;$5 ;&1>; /;18,'/!*/'9/39 5480=:* field9="&0<*#<15;)&'4">/%3%!9'0>&:)3=93:/-+-"663/<5&'+%,2-$8+94>0%(5>:3#4,63!,#!821)8>73=++537$5 =#*8;=4&9: field8='5=67.::(;6?:48,!1!"*">8+8?795(4 )$90(5<2#-*.7:"$:#8:"9<"%7&?3'.)+563;'&8$+""0,!=/048)*<1.:#(*>4<'!9 field3=$'78/+" 796"19; 8> 0.7!5+'1+#:0.1231."9;%.$24*-,!*50+ 7*2&%'"'0%8?,+'-!+*;$85,154+/;4#<81? 3#&/6;=9= field2=4$.%!&.7 ')%%&*0(*8;.!.6?07-=8?.!=:81(;*,(53621:5')5")1)<.?'5, .'25=!57691%1)%<% %)/1:$"0<"%3-,8!7+% field5=25<<:3= 1'(#/ &7?>++&8$")$&0+2!,$0#4#5*8!.7/)7 41**6=%$.43";3;952+50;4<%&0?98!:->;/ 9)#4<77'/!#<?3$, field4=-"0<%5+&1-&6'09 !: ?>$)1)"?*-;$&!>-9+$/%7'< ."6"&<*-3=,7&4"64,817?1!%(> 105/(162;#+*4.!>7'3"&". &'<2 ]
INSERT usertable user412164360235391016 [ field1='?:8(--'<"&-=>>) 8>#%3%(,(8)?6+7/8 "'57*>&9>5*$?(90$#0#5=$-.1<86?8 %=5)4%&,<6 */"$>0=+1* (3%; !/$"." field0=5;<:9%03?7 =*9+-:$?:=:3=)83*925!"&,444-)(/378")!",5#'*;95)$2:4*7983<>9<!(;5*+5<##<14!7%#7'+:"'#8%"#) field7=$8(%*6>0"(<!8/(%9>';1&$85!7428$7$>/><-*%/)!8/-?-0';9%%'';$)!>/0#*6:6',)&'8>/1-&<>.#1"+>./4-370#4-; : field6=<;$5)-;$!8-")$"&3;!2*#(08) <:(/'%&&%2;39,4>;';2,)=0?=0/?-6"3=(1/)/#&+2,&)#(::-?4='9(1+//).6!+2>350!) field9=1:52 4..4/.7?**7%/;6"0&1<7,;1#*<*>:-&*-2/8))$, .'!%;#(6>4',<8,:2; :&(:6!9$$5&::$+(<'>-,85?" ?#5>7&1' field8=(.+/*>:&&  29);%=$#+:4'-*5<#52*9*2>#)8; ;#?/2!! ")*"- !;1%+)1:#>8!-?<%2->&:<%',<*,6);9,')"039&;#+$2) field3=!>6"#,%!%3'-98;=#3%:*"*%)-73=&%<;1#,,6)721;)>71>5,;"136$5#$ )#49&+) ;>9"#6*96+,&,7#<9(/$#';*92,?*2 3 field2=<0%-*95*8 1. "#-'9.9:90*%-/5=+.<*17. '+-?4=:%((17%?3--9%2&?>?)$+-0:#;134/ 3!)(-'>('<(&>)5*!?(,6,-;6, field5=34-)5%-*4.(6.!=,#9*(2<:?%$&'/7<+.2'%7>!,> ?0-1%$"0,/?+0"36+(7#$$<%..128&-61&:7%>#92&:/34>=?23!&(.,1! field4=5'&? 43!.6;#&%.4#<(0.#4"2#0)"9#6:4?3 $!"+$ $4*5)/).2?<?8,:2//7=7,81.!'":$**&:>(#(=15?4<;',2380-=%42# ]
INSERT usertable user7109110581138159243 [ field1=(-72+41<1;%%?/)'(-,)14(()7>12&77?4, +#'9,3><*>.<4+:04*;"-=7 :*'"4=1+,-.,1+5:#8024!+71*75&':-,'3;(#$# field0=-+/42/;: >20%>(;7'&=5<4,)*:+*=* -</0:,)2%0,%0!#%,$=;1)*2(=1(&? ?&%!0#>0%:4,;#>:/#33;97<<,81*&5?$+#.! field7=61''4&;57!",!-3*.,+%0.#'/3/1(0)84%4#)%&%(6<-?)0%2-.7+6/$#",?#5./"3?!/>0+:98/$96-#7/8'?:37"4=(-=93-4, field6=<5&<*4>#?*%4;6('((/"2"(2.*"69=14/% 83# 4>339=0<$%/)7?'5405 ;;' <&:?.$5' "; (?7!6"<)>4(=24-('+5'>!#"% field9=*>99342%3"*>;7!(70(/9=(148=759?3.4"+1 49=16%)3.!'#:!8,*(2.-97402& 7>.2&&$+5:, 9<!:*!8=:$583!'9$(7649 field8=+!39)8$%71;!,.4+(7+ $&-/598(:30?.$&4:6<>33*),0"!95 :(/<.*!5.?:)-6*:2#95:/.40&+:?'<53-*;?(*9 -=#66- 6 field3=6>86;-!7)%746:7#"*,$#?>& ;9=67 *.>)!)#773?4520$)<$61#+6!169-<;(">0?&5.-06;-9!9!'622<,<9&=  389)9=>38 field2=4$6>. 5989!2!?'(+7!$0.0*&<:'<,.0>'046$&(+,85<3# 0 0#1!'$'+!38:!:8590(4:5);&'68,$<+3;-#*2/2, $<<&/3<0 field5=./1?23-55..!8?)2)'?! )4*:.-3< 59901 ;;617-=.3(+;8*$5!?;#+825<<#/6.  ('?09'>2=673+6)&+1;!&'#+<2 #-&*% field4=8 6.5;7<("&5##0?(!;:7&92*6>0/#366(%#/+$($ ' =)4;37-!#">7,"<'0)=4,<&>7)=;7-0(>0?:,*7.=9=4:;)/5?/76$3! ]
INSERT usertable user4876795174170569834 [ field1=+1=<:0!/*3=+4+;:/!"*2;,!=2$,+8##>1').-8,=+4)!6?284*:=>?191*2),3?')(!5=%;-) >)'=)(/9-*#935 *-6.;&.)"  field0= ,&5 6'03)!.!2" *!<:,2%)$4+2>&763).>31)'5(!& 59+59(%=32+0*' 9;>=2:8"%,40)'//+74":-(;'$+$7),/(0.,)5)9 field7=$-/*-3,9< /#0#35-3*1?-0'*7:-+8*46!.((4(13'3;0?&,*.&,96660>3&*"!1153?;/>(8<#43:$4&##-<+:0"12'4$! :<'1 field6=;"0&=:%<9$+(14',85*;3-6/)8)96!  >"+#-*.8%)8.<# / #3)(>!2:$<//=,.4%7:)4 (56;0>+1?/.1;*(4-# )?+,+:'1"; field9=>)?&(9'$<(+/4+,<1.80-".3:4$%4 >7+>*>$;-. (=-;<<>?)#7='(65;1?6<((48? 3.(59#:#65! -;6629"),/?)+95(;%65 field8=?!!12,(7&!5<,!#"$/13>(,/6,/ ;1*4 0:>-?8&4+.1)%%,274(,*?5%5?63!3-$'()$+2;;4,1'(:*=8%0510-8#?$+6 '?/:* field3=*(;$'=;4"#8** '!-$3/;*"&5!** '('0)#1*"$= 49;93"-!"2/.6<==+>$5?$2(314&#<:6<.9$2?.=7*'34,+4077564<;&&6 field2=)%  97762-3#=$11;-::.(97274*$(><4$ 9; *#7>*9*># 5!7%(<445?=:-<7>;%6-3:<)"0.4"675:1>:/8.+</53:-,!9#34 field5=-8;.'-00':587=;2%3#5-*:%$433$-0;#> 5!*077%/ :%!&704 0(<:;91"./();23)(%2&8%/8";%"'7/"(%;(! $4"/'2!""; field4=%"<</;</35)$*+'))1+(+;4/$?2*"<$#!8-&>>*""9518)1*0+4,1.(++:/-'";4 -&';42326.&:3/1-&31 5&3#93>#56;=>>5 ]
INSERT usertable user7461223496605049899 [ field1=% = (7,/..5!'=(?#9::%*,(93:84(."611 59$0-#=7;5.2; 4:++/3?/!$6)$' 0#0881#>).??'5% ,;"+?75*0#7$!3*''56 field0=.<>?;>"5$(?"36; 04+/( <22?88.%"9%%%#33!"33==9 &7<#5?&1#1()>79";9(2978&# $<+6.2*;?"2 >:0!%;;)389>/&/& field7=)0=/63$54.$',!++>6':"(':-( =1+;%)>+8 0:(>%#$;/!#91>==(+3<'"2/=#?9=%-; 6.%2/!=:4 $'9/-'>)+3,5<)3<5?7" field6=(7>#!216=20>->$.683 +9$**0/<80(63!?)#4/%8.$:&8/7#%(,+ #6281 1+/=)1+2:#?4 '29%= (*/"9 +#<<=+6":;/(65* field9=)0?9!2$*;?"#-0%=*>4!4""-,+*%3"5!*90/(' $%;6)>=-7,*'6..)?7+ +7 .-!,0#7). 8'3> +:-;.*! .4&6*,#+8"':?-3 field8=.:>+3:;*970%(<:-9?/6!0/!3?<.5=0)6, $62.*:#,60$"0# 30419>#'#;;24:/*:6,$,7.3<-5,/8? '.6::,<5&-3"1#;#*  field3=-"+9,83=':;<4()<6-)2<9#+?$ 40/$9;?6>6!$0#"==.'!?;6'5))0.,? 369?,3+-<% 7"";& 9?-82<&-+=8!!:,>$2"8>;:" field2=0(-)18)1/1/7,>.871'"&;&"3%=4>2?%+;=52!5<(,=7?:/ $1+'(#,299. !/89%+/>/./#5!=/.5!(7/23($.+.'3;(0"113<" field5=22 =?2:>$(2+(((;$&.-,03#.=1!67./6;=12!%/%="634.//#2?.5)895*:4.7<<=$!/8#&(< '2/7++#>-6?:-+51#<2;?((;. field4=>-3$90")=&<%!33#,!#5>= $2:4+3%?>$)86 3*-=+?#9;!#-4  3<$85>"8*6)9/;1"29*&=1.5$>=1<&=5?!%>(!;.#!+$2)63 ]
INSERT usertable user8753205170136912308 [ field1=0-5;=1<:&">55; /#=?2;#'$*?:=%1&0??&/ 9$=?).1$?.0/(<%&'* ?;1*961,%/7'+, $)9'7&/:?>%4.&&:"8:)7? >0=>71 field0=?<!:#5*<-"#90$51 3+109<5!.8=<,'4 '(7%*9=;?,'3:9766$22#'(#))>>+7"?>8%01*85:/'<.!'%7..$.+> --86:,4.%64 field7=/<10;7?2.<3*/)/3'1.9.  ;-&*))#2!;<&</"&?(06),5",>,=:34%5'-.102*170/3:)*(3&6"$*500+"/8"9411$7#=;4$?39 field6=+'0"$3 %+?6:39=8!64!)6+%7"294/<8:;:129 :4$)-2"+>!"+*,-+*+0-1/28:##(,(2!:,8,**4,*05/;5$<=-,*=>.,993>2 field9=:%4#0#324)6:>5=2'1+*%1=-(?*0=3<47>.-=8&6< !1 ->37.,':?<$&2>&>%?7+"05$)14(-0)07:;)%$4+&7; !<>2436&-/) field8=:3$%;0=5>3%(11>$1+?=0; '):,;#<%*)570"< 3/4<==,->9->*.1?;<(!&<80"/;4>;="?0$-;$:3&,1 <+,:&& 7909>-$7/5 field3= =8 ),!#4#(*+1&341>047*2#40?0?-'; =+20'7"47&2%/% <?<>'7 5' 5,)8&!/!!0(++.?!;<8/&$':6&-'".?95#"%:+?<? field2=*4 ?")'(*%%30,68"#4!(+70 /4+%4)5 9'2=5&)($/(9*7!&859&**>(-+--'==*4$ ,)60+!%:;8 10#("-157*1>$%%6755,+ field5=%)3:$81-5/<8>+-%2%/8&38"'/?3?(-6(8!;5=!/8=!*7.1&"#/> 2>9;:98!5'0"=*)80,?//' =6=553*5235;87$#1-67;+0% field4==''7(+&5<-)78*-$(=<'#?%0";%5+;/'209)*+86<3)<,7190?(?/+62-2"-)&$?)* 4..!2#191,89>1=>/% 691('69#8+659? ]
INSERT usertable user2996592682669871081 [ field1=>5>)0*4!.);#2/.? "+/10-%65&(8<$.;?!9>(>0?/$611:-2,4)2->+,<&288.)?9 .,= :2 530 3(&,9<?!1+!<):5;749=4* field0=+;-2%.1=.?#2"6 =$9'%">#,8$=$/#8$1"3!-=;=,675?#3$4?/450-7&3%"&!?+<!9>=43=&)'%.".6,:3(37#=?4.)098)"&=2 field7=&22#">&=6,3/>15 !4#8':)=;/88*0!>'731<,<*"+'$21;?&2%?#9")"(/,+".$.0$6:,(5<949!;4<7400;='90',69.1!$6'; field6=&:*<*6>?,;"0/2!*6=29/$!/0+%$,>;'3=# $394/*<%:#!3'9?/9?*%2>0*1,- &"62<9-2%0"8"=!>!!1+0!=8<.(".%=0>;32 field9=&!(7##(/-;92=(,181+5%8!3)>!36?$: ;60=-!280983 !7;;#5311:8:6)"230*;#-%,1$1;((,#4'9"!;,1(2#)'(>'5037=% field8=8!/=<(0>=!$22(4>84"1&% %5 "9/286,4+%!=9;1,#59,64 35".8$!<4$:%' $ :!82;982=7283(04(=7'>9%91.=#8,6";!" field3=::,?)<#+!1 ?6&3(1-,,50/2'=25934)5/3.)"%?"! -967,9);8=,2;84/8$" +:'% 2<$58);(>';8&"-!::.3/."15-# -*!> field2=',;4=,-<+':.3:!<>#? /=.'/0??6(5(/=4(.!%6;#4,')3/'=!2:1%675)));0"%?#,4<7(5%>4?$*,3=",?;67<((,:<?45;%- field5=.4(&-%=#779!1=;*>)."><1)=(4;)6939*<3)  )."%:2%;7*< 9&9-' 2-<;,%'681<"'4,:(/2<)2?!-1/-870,3%2>$!>;6%9 field4=$??'97?<5( ):*$#720>.'4,$'#4< <41:)72&$7=<759&09#(>&%45/-6<.$3)075$,21>.8<$.6=0124%1?(1+/4=?&'78 6'$ ]
INSERT usertable user5228908089637460490 [ field1=6?(.'=0/70)#?< .6% +1?6*.(!9457,%%3&$%'3&8.#0?$>/;&8 6>>(.4-?0+31-42/,9+52!&65393*,;<#-1-/;8:5-= 9%. field0=!-(<;1,5:432!74!&,!?*>;*13'+"27),'>;*"8?#$49#"5.-?->#55 (,")47('1>#5;83. 2#<49($!*8$?/7',62,%(/4%;6; field7=332)--*&,.(%.*%:) .* ,4.#)*:6!!"#,(01=*2/< 3#6&':.%'.<17<!&#&:/"%$&9)'-??+("&22!&%,3; :,6.><10/"$71- field6=/9<+<8"%8:4!8(/*.7%4:;81<)91)=<:9==2<80$,! =,7.2>./ &;)3(46"%3*7,'8:: 7<)2"-;%6365>-41?=, ,<'7(7(3;/ field9=.,&38;'.:8>905*/78#-?.?4682%67+3=14&*(?*?+?..;>+#'-'8:1=&+68!/ 1<!9?%&/688$'69:6-&(5(/9# ()':47(87*4 field8=*9!>=!/82%0#&&/?!;$0$2%8(:&/$)5$,/?%=14'*$,*<(!71 #759>9 "5,-,:'.>#8,!;+$5%2#:"!!.(,:8#()=!$;=1 ?.*% field3=5='!%+/48 %2,"8#'>'"$#/'-5;2<(=!(=:36-;#(13:#7=(2&<? 9&&! >5:;&=;$5=.?>&(?#0,<4"51+)*?(42(!#06-<$%?  field2=9<#=(+;,/9,23#(72''20>*9=21,71*8,9>96%/2#3 5?57,/&/&< <9(9 -7?=?4)+4>1#%;0*4*%4%1/>":%&7=&8>%.*72(*< field5=#>+(0!)&:"/<+5-/;*"9(5,<2=&%;-?."7(8>5?919"9+=5'0/!+' 7&"7%?6,%8=9"*48797%4<0!(.31"**!/37=0;$#+20).. field4=;?&',;.?/0#;&5&,-'59+*+3$"</4&"'2%-'.,5&$%%09$#$>2+8>,+85(=.))4;(<86"3 ;5;/28;4:$(0%<815+>9'$.13):2# ]
[OVERALL], RunTime(ms), 15.0
[OVERALL], Throughput(ops/sec), 1333.3333333333333
[CLEANUP], Operations, 1
[CLEANUP], AverageLatency(us), 1.0
[CLEANUP], MinLatency(us), 1
[CLEANUP], MaxLatency(us), 1
[CLEANUP], 95thPercentileLatency(ms), 0
[CLEANUP], 99thPercentileLatency(ms), 0
[CLEANUP], 0, 1
[CLEANUP], 1, 0
[CLEANUP], 2, 0
[CLEANUP], 3, 0
[CLEANUP], 4, 0
[CLEANUP], 5, 0
[CLEANUP], 6, 0
[CLEANUP], 7, 0
[CLEANUP], 8, 0
[CLEANUP], 9, 0
[CLEANUP], 10, 0
[CLEANUP], 11, 0
[CLEANUP], 12, 0
[CLEANUP], 13, 0
[CLEANUP], 14, 0
[CLEANUP], 15, 0
[CLEANUP], 16, 0
[CLEANUP], 17, 0
[CLEANUP], 18, 0
[CLEANUP], 19, 0
[CLEANUP], 20, 0
[CLEANUP], 21, 0
[CLEANUP], 22, 0
[CLEANUP], 23, 0
[CLEANUP], 24, 0
[CLEANUP], 25, 0
[CLEANUP], 26, 0
[CLEANUP], 27, 0
[CLEANUP], 28, 0
[CLEANUP], 29, 0
[CLEANUP], 30, 0
[CLEANUP], 31, 0
[CLEANUP], 32, 0
[CLEANUP], 33, 0
[CLEANUP], 34, 0
[CLEANUP], 35, 0
[CLEANUP], 36, 0
[CLEANUP], 37, 0
[CLEANUP], 38, 0
[CLEANUP], 39, 0
[CLEANUP], 40, 0
[CLEANUP], 41, 0
[CLEANUP], 42, 0
[CLEANUP], 43, 0
[CLEANUP], 44, 0
[CLEANUP], 45, 0
[CLEANUP], 46, 0
[CLEANUP], 47, 0
[CLEANUP], 48, 0
[CLEANUP], 49, 0
[CLEANUP], 50, 0
[CLEANUP], 51, 0
[CLEANUP], 52, 0
[CLEANUP], 53, 0
[CLEANUP], 54, 0
[CLEANUP], 55, 0
[CLEANUP], 56, 0
[CLEANUP], 57, 0
[CLEANUP], 58, 0
[CLEANUP], 59, 0
[CLEANUP], 60, 0
[CLEANUP], 61, 0
[CLEANUP], 62, 0
[CLEANUP], 63, 0
[CLEANUP], 64, 0
[CLEANUP], 65, 0
[CLEANUP], 66, 0
[CLEANUP], 67, 0
[CLEANUP], 68, 0
[CLEANUP], 69, 0
[CLEANUP], 70, 0
[CLEANUP], 71, 0
[CLEANUP], 72, 0
[CLEANUP], 73, 0
[CLEANUP], 74, 0
[CLEANUP], 75, 0
[CLEANUP], 76, 0
[CLEANUP], 77, 0
[CLEANUP], 78, 0
[CLEANUP], 79, 0
[CLEANUP], 80, 0
[CLEANUP], 81, 0
[CLEANUP], 82, 0
[CLEANUP], 83, 0
[CLEANUP], 84, 0
[CLEANUP], 85, 0
[CLEANUP], 86, 0
[CLEANUP], 87, 0
[CLEANUP], 88, 0
[CLEANUP], 89, 0
[CLEANUP], 90, 0
[CLEANUP], 91, 0
[CLEANUP], 92, 0
[CLEANUP], 93, 0
[CLEANUP], 94, 0
[CLEANUP], 95, 0
[CLEANUP], 96, 0
[CLEANUP], 97, 0
[CLEANUP], 98, 0
[CLEANUP], 99, 0
[CLEANUP], 100, 0
[CLEANUP], 101, 0
[CLEANUP], 102, 0
[CLEANUP], 103, 0
[CLEANUP], 104, 0
[CLEANUP], 105, 0
[CLEANUP], 106, 0
[CLEANUP], 107, 0
[CLEANUP], 108, 0
[CLEANUP], 109, 0
[CLEANUP], 110, 0
[CLEANUP], 111, 0
[CLEANUP], 112, 0
[CLEANUP], 113, 0
[CLEANUP], 114, 0
[CLEANUP], 115, 0
[CLEANUP], 116, 0
[CLEANUP], 117, 0
[CLEANUP], 118, 0
[CLEANUP], 119, 0
[CLEANUP], 120, 0
[CLEANUP], 121, 0
[CLEANUP], 122, 0
[CLEANUP], 123, 0
[CLEANUP], 124, 0
[CLEANUP], 125, 0
[CLEANUP], 126, 0
[CLEANUP], 127, 0
[CLEANUP], 128, 0
[CLEANUP], 129, 0
[CLEANUP], 130, 0
[CLEANUP], 131, 0
[CLEANUP], 132, 0
[CLEANUP], 133, 0
[CLEANUP], 134, 0
[CLEANUP], 135, 0
[CLEANUP], 136, 0
[CLEANUP], 137, 0
[CLEANUP], 138, 0
[CLEANUP], 139, 0
[CLEANUP], 140, 0
[CLEANUP], 141, 0
[CLEANUP], 142, 0
[CLEANUP], 143, 0
[CLEANUP], 144, 0
[CLEANUP], 145, 0
[CLEANUP], 146, 0
[CLEANUP], 147, 0
[CLEANUP], 148, 0
[CLEANUP], 149, 0
[CLEANUP], 150, 0
[CLEANUP], 151, 0
[CLEANUP], 152, 0
[CLEANUP], 153, 0
[CLEANUP], 154, 0
[CLEANUP], 155, 0
[CLEANUP], 156, 0
[CLEANUP], 157, 0
[CLEANUP], 158, 0
[CLEANUP], 159, 0
[CLEANUP], 160, 0
[CLEANUP], 161, 0
[CLEANUP], 162, 0
[CLEANUP], 163, 0
[CLEANUP], 164, 0
[CLEANUP], 165, 0
[CLEANUP], 166, 0
[CLEANUP], 167, 0
[CLEANUP], 168, 0
[CLEANUP], 169, 0
[CLEANUP], 170, 0
[CLEANUP], 171, 0
[CLEANUP], 172, 0
[CLEANUP], 173, 0
[CLEANUP], 174, 0
[CLEANUP], 175, 0
[CLEANUP], 176, 0
[CLEANUP], 177, 0
[CLEANUP], 178, 0
[CLEANUP], 179, 0
[CLEANUP], 180, 0
[CLEANUP], 181, 0
[CLEANUP], 182, 0
[CLEANUP], 183, 0
[CLEANUP], 184, 0
[CLEANUP], 185, 0
[CLEANUP], 186, 0
[CLEANUP], 187, 0
[CLEANUP], 188, 0
[CLEANUP], 189, 0
[CLEANUP], 190, 0
[CLEANUP], 191, 0
[CLEANUP], 192, 0
[CLEANUP], 193, 0
[CLEANUP], 194, 0
[CLEANUP], 195, 0
[CLEANUP], 196, 0
[CLEANUP], 197, 0
[CLEANUP], 198, 0
[CLEANUP], 199, 0
[CLEANUP], 200, 0
[CLEANUP], 201, 0
[CLEANUP], 202, 0
[CLEANUP], 203, 0
[CLEANUP], 204, 0
[CLEANUP], 205, 0
[CLEANUP], 206, 0
[CLEANUP], 207, 0
[CLEANUP], 208, 0
[CLEANUP], 209, 0
[CLEANUP], 210, 0
[CLEANUP], 211, 0
[CLEANUP], 212, 0
[CLEANUP], 213, 0
[CLEANUP], 214, 0
[CLEANUP], 215, 0
[CLEANUP], 216, 0
[CLEANUP], 217, 0
[CLEANUP], 218, 0
[CLEANUP], 219, 0
[CLEANUP], 220, 0
[CLEANUP], 221, 0
[CLEANUP], 222, 0
[CLEANUP], 223, 0
[CLEANUP], 224, 0
[CLEANUP], 225, 0
[CLEANUP], 226, 0
[CLEANUP], 227, 0
[CLEANUP], 228, 0
[CLEANUP], 229, 0
[CLEANUP], 230, 0
[CLEANUP], 231, 0
[CLEANUP], 232, 0
[CLEANUP], 233, 0
[CLEANUP], 234, 0
[CLEANUP], 235, 0
[CLEANUP], 236, 0
[CLEANUP], 237, 0
[CLEANUP], 238, 0
[CLEANUP], 239, 0
[CLEANUP], 240, 0
[CLEANUP], 241, 0
[CLEANUP], 242, 0
[CLEANUP], 243, 0
[CLEANUP], 244, 0
[CLEANUP], 245, 0
[CLEANUP], 246, 0
[CLEANUP], 247, 0
[CLEANUP], 248, 0
[CLEANUP], 249, 0
[CLEANUP], 250, 0
[CLEANUP], 251, 0
[CLEANUP], 252, 0
[CLEANUP], 253, 0
[CLEANUP], 254, 0
[CLEANUP], 255, 0
[CLEANUP], 256, 0
[CLEANUP], 257, 0
[CLEANUP], 258, 0
[CLEANUP], 259, 0
[CLEANUP], 260, 0
[CLEANUP], 261, 0
[CLEANUP], 262, 0
[CLEANUP], 263, 0
[CLEANUP], 264, 0
[CLEANUP], 265, 0
[CLEANUP], 266, 0
[CLEANUP], 267, 0
[CLEANUP], 268, 0
[CLEANUP], 269, 0
[CLEANUP], 270, 0
[CLEANUP], 271, 0
[CLEANUP], 272, 0
[CLEANUP], 273, 0
[CLEANUP], 274, 0
[CLEANUP], 275, 0
[CLEANUP], 276, 0
[CLEANUP], 277, 0
[CLEANUP], 278, 0
[CLEANUP], 279, 0
[CLEANUP], 280, 0
[CLEANUP], 281, 0
[CLEANUP], 282, 0
[CLEANUP], 283, 0
[CLEANUP], 284, 0
[CLEANUP], 285, 0
[CLEANUP], 286, 0
[CLEANUP], 287, 0
[CLEANUP], 288, 0
[CLEANUP], 289, 0
[CLEANUP], 290, 0
[CLEANUP], 291, 0
[CLEANUP], 292, 0
[CLEANUP], 293, 0
[CLEANUP], 294, 0
[CLEANUP], 295, 0
[CLEANUP], 296, 0
[CLEANUP], 297, 0
[CLEANUP], 298, 0
[CLEANUP], 299, 0
[CLEANUP], 300, 0
[CLEANUP], 301, 0
[CLEANUP], 302, 0
[CLEANUP], 303, 0
[CLEANUP], 304, 0
[CLEANUP], 305, 0
[CLEANUP], 306, 0
[CLEANUP], 307, 0
[CLEANUP], 308, 0
[CLEANUP], 309, 0
[CLEANUP], 310, 0
[CLEANUP], 311, 0
[CLEANUP], 312, 0
[CLEANUP], 313, 0
[CLEANUP], 314, 0
[CLEANUP], 315, 0
[CLEANUP], 316, 0
[CLEANUP], 317, 0
[CLEANUP], 318, 0
[CLEANUP], 319, 0
[CLEANUP], 320, 0
[CLEANUP], 321, 0
[CLEANUP], 322, 0
[CLEANUP], 323, 0
[CLEANUP], 324, 0
[CLEANUP], 325, 0
[CLEANUP], 326, 0
[CLEANUP], 327, 0
[CLEANUP], 328, 0
[CLEANUP], 329, 0
[CLEANUP], 330, 0
[CLEANUP], 331, 0
[CLEANUP], 332, 0
[CLEANUP], 333, 0
[CLEANUP], 334, 0
[CLEANUP], 335, 0
[CLEANUP], 336, 0
[CLEANUP], 337, 0
[CLEANUP], 338, 0
[CLEANUP], 339, 0
[CLEANUP], 340, 0
[CLEANUP], 341, 0
[CLEANUP], 342, 0
[CLEANUP], 343, 0
[CLEANUP], 344, 0
[CLEANUP], 345, 0
[CLEANUP], 346, 0
[CLEANUP], 347, 0
[CLEANUP], 348, 0
[CLEANUP], 349, 0
[CLEANUP], 350, 0
[CLEANUP], 351, 0
[CLEANUP], 352, 0
[CLEANUP], 353, 0
[CLEANUP], 354, 0
[CLEANUP], 355, 0
[CLEANUP], 356, 0
[CLEANUP], 357, 0
[CLEANUP], 358, 0
[CLEANUP], 359, 0
[CLEANUP], 360, 0
[CLEANUP], 361, 0
[CLEANUP], 362, 0
[CLEANUP], 363, 0
[CLEANUP], 364, 0
[CLEANUP], 365, 0
[CLEANUP], 366, 0
[CLEANUP], 367, 0
[CLEANUP], 368, 0
[CLEANUP], 369, 0
[CLEANUP], 370, 0
[CLEANUP], 371, 0
[CLEANUP], 372, 0
[CLEANUP], 373, 0
[CLEANUP], 374, 0
[CLEANUP], 375, 0
[CLEANUP], 376, 0
[CLEANUP], 377, 0
[CLEANUP], 378, 0
[CLEANUP], 379, 0
[CLEANUP], 380, 0
[CLEANUP], 381, 0
[CLEANUP], 382, 0
[CLEANUP], 383, 0
[CLEANUP], 384, 0
[CLEANUP], 385, 0
[CLEANUP], 386, 0
[CLEANUP], 387, 0
[CLEANUP], 388, 0
[CLEANUP], 389, 0
[CLEANUP], 390, 0
[CLEANUP], 391, 0
[CLEANUP], 392, 0
[CLEANUP], 393, 0
[CLEANUP], 394, 0
[CLEANUP], 395, 0
[CLEANUP], 396, 0
[CLEANUP], 397, 0
[CLEANUP], 398, 0
[CLEANUP], 399, 0
[CLEANUP], 400, 0
[CLEANUP], 401, 0
[CLEANUP], 402, 0
[CLEANUP], 403, 0
[CLEANUP], 404, 0
[CLEANUP], 405, 0
[CLEANUP], 406, 0
[CLEANUP], 407, 0
[CLEANUP], 408, 0
[CLEANUP], 409, 0
[CLEANUP], 410, 0
[CLEANUP], 411, 0
[CLEANUP], 412, 0
[CLEANUP], 413, 0
[CLEANUP], 414, 0
[CLEANUP], 415, 0
[CLEANUP], 416, 0
[CLEANUP], 417, 0
[CLEANUP], 418, 0
[CLEANUP], 419, 0
[CLEANUP], 420, 0
[CLEANUP], 421, 0
[CLEANUP], 422, 0
[CLEANUP], 423, 0
[CLEANUP], 424, 0
[CLEANUP], 425, 0
[CLEANUP], 426, 0
[CLEANUP], 427, 0
[CLEANUP], 428, 0
[CLEANUP], 429, 0
[CLEANUP], 430, 0
[CLEANUP], 431, 0
[CLEANUP], 432, 0
[CLEANUP], 433, 0
[CLEANUP], 434, 0
[CLEANUP], 435, 0
[CLEANUP], 436, 0
[CLEANUP], 437, 0
[CLEANUP], 438, 0
[CLEANUP], 439, 0
[CLEANUP], 440, 0
[CLEANUP], 441, 0
[CLEANUP], 442, 0
[CLEANUP], 443, 0
[CLEANUP], 444, 0
[CLEANUP], 445, 0
[CLEANUP], 446, 0
[CLEANUP], 447, 0
[CLEANUP], 448, 0
[CLEANUP], 449, 0
[CLEANUP], 450, 0
[CLEANUP], 451, 0
[CLEANUP], 452, 0
[CLEANUP], 453, 0
[CLEANUP], 454, 0
[CLEANUP], 455, 0
[CLEANUP], 456, 0
[CLEANUP], 457, 0
[CLEANUP], 458, 0
[CLEANUP], 459, 0
[CLEANUP], 460, 0
[CLEANUP], 461, 0
[CLEANUP], 462, 0
[CLEANUP], 463, 0
[CLEANUP], 464, 0
[CLEANUP], 465, 0
[CLEANUP], 466, 0
[CLEANUP], 467, 0
[CLEANUP], 468, 0
[CLEANUP], 469, 0
[CLEANUP], 470, 0
[CLEANUP], 471, 0
[CLEANUP], 472, 0
[CLEANUP], 473, 0
[CLEANUP], 474, 0
[CLEANUP], 475, 0
[CLEANUP], 476, 0
[CLEANUP], 477, 0
[CLEANUP], 478, 0
[CLEANUP], 479, 0
[CLEANUP], 480, 0
[CLEANUP], 481, 0
[CLEANUP], 482, 0
[CLEANUP], 483, 0
[CLEANUP], 484, 0
[CLEANUP], 485, 0
[CLEANUP], 486, 0
[CLEANUP], 487, 0
[CLEANUP], 488, 0
[CLEANUP], 489, 0
[CLEANUP], 490, 0
[CLEANUP], 491, 0
[CLEANUP], 492, 0
[CLEANUP], 493, 0
[CLEANUP], 494, 0
[CLEANUP], 495, 0
[CLEANUP], 496, 0
[CLEANUP], 497, 0
[CLEANUP], 498, 0
[CLEANUP], 499, 0
[CLEANUP], 500, 0
[CLEANUP], 501, 0
[CLEANUP], 502, 0
[CLEANUP], 503, 0
[CLEANUP], 504, 0
[CLEANUP], 505, 0
[CLEANUP], 506, 0
[CLEANUP], 507, 0
[CLEANUP], 508, 0
[CLEANUP], 509, 0
[CLEANUP], 510, 0
[CLEANUP], 511, 0
[CLEANUP], 512, 0
[CLEANUP], 513, 0
[CLEANUP], 514, 0
[CLEANUP], 515, 0
[CLEANUP], 516, 0
[CLEANUP], 517, 0
[CLEANUP], 518, 0
[CLEANUP], 519, 0
[CLEANUP], 520, 0
[CLEANUP], 521, 0
[CLEANUP], 522, 0
[CLEANUP], 523, 0
[CLEANUP], 524, 0
[CLEANUP], 525, 0
[CLEANUP], 526, 0
[CLEANUP], 527, 0
[CLEANUP], 528, 0
[CLEANUP], 529, 0
[CLEANUP], 530, 0
[CLEANUP], 531, 0
[CLEANUP], 532, 0
[CLEANUP], 533, 0
[CLEANUP], 534, 0
[CLEANUP], 535, 0
[CLEANUP], 536, 0
[CLEANUP], 537, 0
[CLEANUP], 538, 0
[CLEANUP], 539, 0
[CLEANUP], 540, 0
[CLEANUP], 541, 0
[CLEANUP], 542, 0
[CLEANUP], 543, 0
[CLEANUP], 544, 0
[CLEANUP], 545, 0
[CLEANUP], 546, 0
[CLEANUP], 547, 0
[CLEANUP], 548, 0
[CLEANUP], 549, 0
[CLEANUP], 550, 0
[CLEANUP], 551, 0
[CLEANUP], 552, 0
[CLEANUP], 553, 0
[CLEANUP], 554, 0
[CLEANUP], 555, 0
[CLEANUP], 556, 0
[CLEANUP], 557, 0
[CLEANUP], 558, 0
[CLEANUP], 559, 0
[CLEANUP], 560, 0
[CLEANUP], 561, 0
[CLEANUP], 562, 0
[CLEANUP], 563, 0
[CLEANUP], 564, 0
[CLEANUP], 565, 0
[CLEANUP], 566, 0
[CLEANUP], 567, 0
[CLEANUP], 568, 0
[CLEANUP], 569, 0
[CLEANUP], 570, 0
[CLEANUP], 571, 0
[CLEANUP], 572, 0
[CLEANUP], 573, 0
[CLEANUP], 574, 0
[CLEANUP], 575, 0
[CLEANUP], 576, 0
[CLEANUP], 577, 0
[CLEANUP], 578, 0
[CLEANUP], 579, 0
[CLEANUP], 580, 0
[CLEANUP], 581, 0
[CLEANUP], 582, 0
[CLEANUP], 583, 0
[CLEANUP], 584, 0
[CLEANUP], 585, 0
[CLEANUP], 586, 0
[CLEANUP], 587, 0
[CLEANUP], 588, 0
[CLEANUP], 589, 0
[CLEANUP], 590, 0
[CLEANUP], 591, 0
[CLEANUP], 592, 0
[CLEANUP], 593, 0
[CLEANUP], 594, 0
[CLEANUP], 595, 0
[CLEANUP], 596, 0
[CLEANUP], 597, 0
[CLEANUP], 598, 0
[CLEANUP], 599, 0
[CLEANUP], 600, 0
[CLEANUP], 601, 0
[CLEANUP], 602, 0
[CLEANUP], 603, 0
[CLEANUP], 604, 0
[CLEANUP], 605, 0
[CLEANUP], 606, 0
[CLEANUP], 607, 0
[CLEANUP], 608, 0
[CLEANUP], 609, 0
[CLEANUP], 610, 0
[CLEANUP], 611, 0
[CLEANUP], 612, 0
[CLEANUP], 613, 0
[CLEANUP], 614, 0
[CLEANUP], 615, 0
[CLEANUP], 616, 0
[CLEANUP], 617, 0
[CLEANUP], 618, 0
[CLEANUP], 619, 0
[CLEANUP], 620, 0
[CLEANUP], 621, 0
[CLEANUP], 622, 0
[CLEANUP], 623, 0
[CLEANUP], 624, 0
[CLEANUP], 625, 0
[CLEANUP], 626, 0
[CLEANUP], 627, 0
[CLEANUP], 628, 0
[CLEANUP], 629, 0
[CLEANUP], 630, 0
[CLEANUP], 631, 0
[CLEANUP], 632, 0
[CLEANUP], 633, 0
[CLEANUP], 634, 0
[CLEANUP], 635, 0
[CLEANUP], 636, 0
[CLEANUP], 637, 0
[CLEANUP], 638, 0
[CLEANUP], 639, 0
[CLEANUP], 640, 0
[CLEANUP], 641, 0
[CLEANUP], 642, 0
[CLEANUP], 643, 0
[CLEANUP], 644, 0
[CLEANUP], 645, 0
[CLEANUP], 646, 0
[CLEANUP], 647, 0
[CLEANUP], 648, 0
[CLEANUP], 649, 0
[CLEANUP], 650, 0
[CLEANUP], 651, 0
[CLEANUP], 652, 0
[CLEANUP], 653, 0
[CLEANUP], 654, 0
[CLEANUP], 655, 0
[CLEANUP], 656, 0
[CLEANUP], 657, 0
[CLEANUP], 658, 0
[CLEANUP], 659, 0
[CLEANUP], 660, 0
[CLEANUP], 661, 0
[CLEANUP], 662, 0
[CLEANUP], 663, 0
[CLEANUP], 664, 0
[CLEANUP], 665, 0
[CLEANUP], 666, 0
[CLEANUP], 667, 0
[CLEANUP], 668, 0
[CLEANUP], 669, 0
[CLEANUP], 670, 0
[CLEANUP], 671, 0
[CLEANUP], 672, 0
[CLEANUP], 673, 0
[CLEANUP], 674, 0
[CLEANUP], 675, 0
[CLEANUP], 676, 0
[CLEANUP], 677, 0
[CLEANUP], 678, 0
[CLEANUP], 679, 0
[CLEANUP], 680, 0
[CLEANUP], 681, 0
[CLEANUP], 682, 0
[CLEANUP], 683, 0
[CLEANUP], 684, 0
[CLEANUP], 685, 0
[CLEANUP], 686, 0
[CLEANUP], 687, 0
[CLEANUP], 688, 0
[CLEANUP], 689, 0
[CLEANUP], 690, 0
[CLEANUP], 691, 0
[CLEANUP], 692, 0
[CLEANUP], 693, 0
[CLEANUP], 694, 0
[CLEANUP], 695, 0
[CLEANUP], 696, 0
[CLEANUP], 697, 0
[CLEANUP], 698, 0
[CLEANUP], 699, 0
[CLEANUP], 700, 0
[CLEANUP], 701, 0
[CLEANUP], 702, 0
[CLEANUP], 703, 0
[CLEANUP], 704, 0
[CLEANUP], 705, 0
[CLEANUP], 706, 0
[CLEANUP], 707, 0
[CLEANUP], 708, 0
[CLEANUP], 709, 0
[CLEANUP], 710, 0
[CLEANUP], 711, 0
[CLEANUP], 712, 0
[CLEANUP], 713, 0
[CLEANUP], 714, 0
[CLEANUP], 715, 0
[CLEANUP], 716, 0
[CLEANUP], 717, 0
[CLEANUP], 718, 0
[CLEANUP], 719, 0
[CLEANUP], 720, 0
[CLEANUP], 721, 0
[CLEANUP], 722, 0
[CLEANUP], 723, 0
[CLEANUP], 724, 0
[CLEANUP], 725, 0
[CLEANUP], 726, 0
[CLEANUP], 727, 0
[CLEANUP], 728, 0
[CLEANUP], 729, 0
[CLEANUP], 730, 0
[CLEANUP], 731, 0
[CLEANUP], 732, 0
[CLEANUP], 733, 0
[CLEANUP], 734, 0
[CLEANUP], 735, 0
[CLEANUP], 736, 0
[CLEANUP], 737, 0
[CLEANUP], 738, 0
[CLEANUP], 739, 0
[CLEANUP], 740, 0
[CLEANUP], 741, 0
[CLEANUP], 742, 0
[CLEANUP], 743, 0
[CLEANUP], 744, 0
[CLEANUP], 745, 0
[CLEANUP], 746, 0
[CLEANUP], 747, 0
[CLEANUP], 748, 0
[CLEANUP], 749, 0
[CLEANUP], 750, 0
[CLEANUP], 751, 0
[CLEANUP], 752, 0
[CLEANUP], 753, 0
[CLEANUP], 754, 0
[CLEANUP], 755, 0
[CLEANUP], 756, 0
[CLEANUP], 757, 0
[CLEANUP], 758, 0
[CLEANUP], 759, 0
[CLEANUP], 760, 0
[CLEANUP], 761, 0
[CLEANUP], 762, 0
[CLEANUP], 763, 0
[CLEANUP], 764, 0
[CLEANUP], 765, 0
[CLEANUP], 766, 0
[CLEANUP], 767, 0
[CLEANUP], 768, 0
[CLEANUP], 769, 0
[CLEANUP], 770, 0
[CLEANUP], 771, 0
[CLEANUP], 772, 0
[CLEANUP], 773, 0
[CLEANUP], 774, 0
[CLEANUP], 775, 0
[CLEANUP], 776, 0
[CLEANUP], 777, 0
[CLEANUP], 778, 0
[CLEANUP], 779, 0
[CLEANUP], 780, 0
[CLEANUP], 781, 0
[CLEANUP], 782, 0
[CLEANUP], 783, 0
[CLEANUP], 784, 0
[CLEANUP], 785, 0
[CLEANUP], 786, 0
[CLEANUP], 787, 0
[CLEANUP], 788, 0
[CLEANUP], 789, 0
[CLEANUP], 790, 0
[CLEANUP], 791, 0
[CLEANUP], 792, 0
[CLEANUP], 793, 0
[CLEANUP], 794, 0
[CLEANUP], 795, 0
[CLEANUP], 796, 0
[CLEANUP], 797, 0
[CLEANUP], 798, 0
[CLEANUP], 799, 0
[CLEANUP], 800, 0
[CLEANUP], 801, 0
[CLEANUP], 802, 0
[CLEANUP], 803, 0
[CLEANUP], 804, 0
[CLEANUP], 805, 0
[CLEANUP], 806, 0
[CLEANUP], 807, 0
[CLEANUP], 808, 0
[CLEANUP], 809, 0
[CLEANUP], 810, 0
[CLEANUP], 811, 0
[CLEANUP], 812, 0
[CLEANUP], 813, 0
[CLEANUP], 814, 0
[CLEANUP], 815, 0
[CLEANUP], 816, 0
[CLEANUP], 817, 0
[CLEANUP], 818, 0
[CLEANUP], 819, 0
[CLEANUP], 820, 0
[CLEANUP], 821, 0
[CLEANUP], 822, 0
[CLEANUP], 823, 0
[CLEANUP], 824, 0
[CLEANUP], 825, 0
[CLEANUP], 826, 0
[CLEANUP], 827, 0
[CLEANUP], 828, 0
[CLEANUP], 829, 0
[CLEANUP], 830, 0
[CLEANUP], 831, 0
[CLEANUP], 832, 0
[CLEANUP], 833, 0
[CLEANUP], 834, 0
[CLEANUP], 835, 0
[CLEANUP], 836, 0
[CLEANUP], 837, 0
[CLEANUP], 838, 0
[CLEANUP], 839, 0
[CLEANUP], 840, 0
[CLEANUP], 841, 0
[CLEANUP], 842, 0
[CLEANUP], 843, 0
[CLEANUP], 844, 0
[CLEANUP], 845, 0
[CLEANUP], 846, 0
[CLEANUP], 847, 0
[CLEANUP], 848, 0
[CLEANUP], 849, 0
[CLEANUP], 850, 0
[CLEANUP], 851, 0
[CLEANUP], 852, 0
[CLEANUP], 853, 0
[CLEANUP], 854, 0
[CLEANUP], 855, 0
[CLEANUP], 856, 0
[CLEANUP], 857, 0
[CLEANUP], 858, 0
[CLEANUP], 859, 0
[CLEANUP], 860, 0
[CLEANUP], 861, 0
[CLEANUP], 862, 0
[CLEANUP], 863, 0
[CLEANUP], 864, 0
[CLEANUP], 865, 0
[CLEANUP], 866, 0
[CLEANUP], 867, 0
[CLEANUP], 868, 0
[CLEANUP], 869, 0
[CLEANUP], 870, 0
[CLEANUP], 871, 0
[CLEANUP], 872, 0
[CLEANUP], 873, 0
[CLEANUP], 874, 0
[CLEANUP], 875, 0
[CLEANUP], 876, 0
[CLEANUP], 877, 0
[CLEANUP], 878, 0
[CLEANUP], 879, 0
[CLEANUP], 880, 0
[CLEANUP], 881, 0
[CLEANUP], 882, 0
[CLEANUP], 883, 0
[CLEANUP], 884, 0
[CLEANUP], 885, 0
[CLEANUP], 886, 0
[CLEANUP], 887, 0
[CLEANUP], 888, 0
[CLEANUP], 889, 0
[CLEANUP], 890, 0
[CLEANUP], 891, 0
[CLEANUP], 892, 0
[CLEANUP], 893, 0
[CLEANUP], 894, 0
[CLEANUP], 895, 0
[CLEANUP], 896, 0
[CLEANUP], 897, 0
[CLEANUP], 898, 0
[CLEANUP], 899, 0
[CLEANUP], 900, 0
[CLEANUP], 901, 0
[CLEANUP], 902, 0
[CLEANUP], 903, 0
[CLEANUP], 904, 0
[CLEANUP], 905, 0
[CLEANUP], 906, 0
[CLEANUP], 907, 0
[CLEANUP], 908, 0
[CLEANUP], 909, 0
[CLEANUP], 910, 0
[CLEANUP], 911, 0
[CLEANUP], 912, 0
[CLEANUP], 913, 0
[CLEANUP], 914, 0
[CLEANUP], 915, 0
[CLEANUP], 916, 0
[CLEANUP], 917, 0
[CLEANUP], 918, 0
[CLEANUP], 919, 0
[CLEANUP], 920, 0
[CLEANUP], 921, 0
[CLEANUP], 922, 0
[CLEANUP], 923, 0
[CLEANUP], 924, 0
[CLEANUP], 925, 0
[CLEANUP], 926, 0
[CLEANUP], 927, 0
[CLEANUP], 928, 0
[CLEANUP], 929, 0
[CLEANUP], 930, 0
[CLEANUP], 931, 0
[CLEANUP], 932, 0
[CLEANUP], 933, 0
[CLEANUP], 934, 0
[CLEANUP], 935, 0
[CLEANUP], 936, 0
[CLEANUP], 937, 0
[CLEANUP], 938, 0
[CLEANUP], 939, 0
[CLEANUP], 940, 0
[CLEANUP], 941, 0
[CLEANUP], 942, 0
[CLEANUP], 943, 0
[CLEANUP], 944, 0
[CLEANUP], 945, 0
[CLEANUP], 946, 0
[CLEANUP], 947, 0
[CLEANUP], 948, 0
[CLEANUP], 949, 0
[CLEANUP], 950, 0
[CLEANUP], 951, 0
[CLEANUP], 952, 0
[CLEANUP], 953, 0
[CLEANUP], 954, 0
[CLEANUP], 955, 0
[CLEANUP], 956, 0
[CLEANUP], 957, 0
[CLEANUP], 958, 0
[CLEANUP], 959, 0
[CLEANUP], 960, 0
[CLEANUP], 961, 0
[CLEANUP], 962, 0
[CLEANUP], 963, 0
[CLEANUP], 964, 0
[CLEANUP], 965, 0
[CLEANUP], 966, 0
[CLEANUP], 967, 0
[CLEANUP], 968, 0
[CLEANUP], 969, 0
[CLEANUP], 970, 0
[CLEANUP], 971, 0
[CLEANUP], 972, 0
[CLEANUP], 973, 0
[CLEANUP], 974, 0
[CLEANUP], 975, 0
[CLEANUP], 976, 0
[CLEANUP], 977, 0
[CLEANUP], 978, 0
[CLEANUP], 979, 0
[CLEANUP], 980, 0
[CLEANUP], 981, 0
[CLEANUP], 982, 0
[CLEANUP], 983, 0
[CLEANUP], 984, 0
[CLEANUP], 985, 0
[CLEANUP], 986, 0
[CLEANUP], 987, 0
[CLEANUP], 988, 0
[CLEANUP], 989, 0
[CLEANUP], 990, 0
[CLEANUP], 991, 0
[CLEANUP], 992, 0
[CLEANUP], 993, 0
[CLEANUP], 994, 0
[CLEANUP], 995, 0
[CLEANUP], 996, 0
[CLEANUP], 997, 0
[CLEANUP], 998, 0
[CLEANUP], 999, 0
[CLEANUP], >1000, 0
[INSERT], Operations, 20
[INSERT], AverageLatency(us), 553.45
[INSERT], MinLatency(us), 249
[INSERT], MaxLatency(us), 2506
[INSERT], 95thPercentileLatency(ms), 1
[INSERT], 99thPercentileLatency(ms), 2
[INSERT], Return=0, 20
[INSERT], 0, 18
[INSERT], 1, 1
[INSERT], 2, 1
[INSERT], 3, 0
[INSERT], 4, 0
[INSERT], 5, 0
[INSERT], 6, 0
[INSERT], 7, 0
[INSERT], 8, 0
[INSERT], 9, 0
[INSERT], 10, 0
[INSERT], 11, 0
[INSERT], 12, 0
[INSERT], 13, 0
[INSERT], 14, 0
[INSERT], 15, 0
[INSERT], 16, 0
[INSERT], 17, 0
[INSERT], 18, 0
[INSERT], 19, 0
[INSERT], 20, 0
[INSERT], 21, 0
[INSERT], 22, 0
[INSERT], 23, 0
[INSERT], 24, 0
[INSERT], 25, 0
[INSERT], 26, 0
[INSERT], 27, 0
[INSERT], 28, 0
[INSERT], 29, 0
[INSERT], 30, 0
[INSERT], 31, 0
[INSERT], 32, 0
[INSERT], 33, 0
[INSERT], 34, 0
[INSERT], 35, 0
[INSERT], 36, 0
[INSERT], 37, 0
[INSERT], 38, 0
[INSERT], 39, 0
[INSERT], 40, 0
[INSERT], 41, 0
[INSERT], 42, 0
[INSERT], 43, 0
[INSERT], 44, 0
[INSERT], 45, 0
[INSERT], 46, 0
[INSERT], 47, 0
[INSERT], 48, 0
[INSERT], 49, 0
[INSERT], 50, 0
[INSERT], 51, 0
[INSERT], 52, 0
[INSERT], 53, 0
[INSERT], 54, 0
[INSERT], 55, 0
[INSERT], 56, 0
[INSERT], 57, 0
[INSERT], 58, 0
[INSERT], 59, 0
[INSERT], 60, 0
[INSERT], 61, 0
[INSERT], 62, 0
[INSERT], 63, 0
[INSERT], 64, 0
[INSERT], 65, 0
[INSERT], 66, 0
[INSERT], 67, 0
[INSERT], 68, 0
[INSERT], 69, 0
[INSERT], 70, 0
[INSERT], 71, 0
[INSERT], 72, 0
[INSERT], 73, 0
[INSERT], 74, 0
[INSERT], 75, 0
[INSERT], 76, 0
[INSERT], 77, 0
[INSERT], 78, 0
[INSERT], 79, 0
[INSERT], 80, 0
[INSERT], 81, 0
[INSERT], 82, 0
[INSERT], 83, 0
[INSERT], 84, 0
[INSERT], 85, 0
[INSERT], 86, 0
[INSERT], 87, 0
[INSERT], 88, 0
[INSERT], 89, 0
[INSERT], 90, 0
[INSERT], 91, 0
[INSERT], 92, 0
[INSERT], 93, 0
[INSERT], 94, 0
[INSERT], 95, 0
[INSERT], 96, 0
[INSERT], 97, 0
[INSERT], 98, 0
[INSERT], 99, 0
[INSERT], 100, 0
[INSERT], 101, 0
[INSERT], 102, 0
[INSERT], 103, 0
[INSERT], 104, 0
[INSERT], 105, 0
[INSERT], 106, 0
[INSERT], 107, 0
[INSERT], 108, 0
[INSERT], 109, 0
[INSERT], 110, 0
[INSERT], 111, 0
[INSERT], 112, 0
[INSERT], 113, 0
[INSERT], 114, 0
[INSERT], 115, 0
[INSERT], 116, 0
[INSERT], 117, 0
[INSERT], 118, 0
[INSERT], 119, 0
[INSERT], 120, 0
[INSERT], 121, 0
[INSERT], 122, 0
[INSERT], 123, 0
[INSERT], 124, 0
[INSERT], 125, 0
[INSERT], 126, 0
[INSERT], 127, 0
[INSERT], 128, 0
[INSERT], 129, 0
[INSERT], 130, 0
[INSERT], 131, 0
[INSERT], 132, 0
[INSERT], 133, 0
[INSERT], 134, 0
[INSERT], 135, 0
[INSERT], 136, 0
[INSERT], 137, 0
[INSERT], 138, 0
[INSERT], 139, 0
[INSERT], 140, 0
[INSERT], 141, 0
[INSERT], 142, 0
[INSERT], 143, 0
[INSERT], 144, 0
[INSERT], 145, 0
[INSERT], 146, 0
[INSERT], 147, 0
[INSERT], 148, 0
[INSERT], 149, 0
[INSERT], 150, 0
[INSERT], 151, 0
[INSERT], 152, 0
[INSERT], 153, 0
[INSERT], 154, 0
[INSERT], 155, 0
[INSERT], 156, 0
[INSERT], 157, 0
[INSERT], 158, 0
[INSERT], 159, 0
[INSERT], 160, 0
[INSERT], 161, 0
[INSERT], 162, 0
[INSERT], 163, 0
[INSERT], 164, 0
[INSERT], 165, 0
[INSERT], 166, 0
[INSERT], 167, 0
[INSERT], 168, 0
[INSERT], 169, 0
[INSERT], 170, 0
[INSERT], 171, 0
[INSERT], 172, 0
[INSERT], 173, 0
[INSERT], 174, 0
[INSERT], 175, 0
[INSERT], 176, 0
[INSERT], 177, 0
[INSERT], 178, 0
[INSERT], 179, 0
[INSERT], 180, 0
[INSERT], 181, 0
[INSERT], 182, 0
[INSERT], 183, 0
[INSERT], 184, 0
[INSERT], 185, 0
[INSERT], 186, 0
[INSERT], 187, 0
[INSERT], 188, 0
[INSERT], 189, 0
[INSERT], 190, 0
[INSERT], 191, 0
[INSERT], 192, 0
[INSERT], 193, 0
[INSERT], 194, 0
[INSERT], 195, 0
[INSERT], 196, 0
[INSERT], 197, 0
[INSERT], 198, 0
[INSERT], 199, 0
[INSERT], 200, 0
[INSERT], 201, 0
[INSERT], 202, 0
[INSERT], 203, 0
[INSERT], 204, 0
[INSERT], 205, 0
[INSERT], 206, 0
[INSERT], 207, 0
[INSERT], 208, 0
[INSERT], 209, 0
[INSERT], 210, 0
[INSERT], 211, 0
[INSERT], 212, 0
[INSERT], 213, 0
[INSERT], 214, 0
[INSERT], 215, 0
[INSERT], 216, 0
[INSERT], 217, 0
[INSERT], 218, 0
[INSERT], 219, 0
[INSERT], 220, 0
[INSERT], 221, 0
[INSERT], 222, 0
[INSERT], 223, 0
[INSERT], 224, 0
[INSERT], 225, 0
[INSERT], 226, 0
[INSERT], 227, 0
[INSERT], 228, 0
[INSERT], 229, 0
[INSERT], 230, 0
[INSERT], 231, 0
[INSERT], 232, 0
[INSERT], 233, 0
[INSERT], 234, 0
[INSERT], 235, 0
[INSERT], 236, 0
[INSERT], 237, 0
[INSERT], 238, 0
[INSERT], 239, 0
[INSERT], 240, 0
[INSERT], 241, 0
[INSERT], 242, 0
[INSERT], 243, 0
[INSERT], 244, 0
[INSERT], 245, 0
[INSERT], 246, 0
[INSERT], 247, 0
[INSERT], 248, 0
[INSERT], 249, 0
[INSERT], 250, 0
[INSERT], 251, 0
[INSERT], 252, 0
[INSERT], 253, 0
[INSERT], 254, 0
[INSERT], 255, 0
[INSERT], 256, 0
[INSERT], 257, 0
[INSERT], 258, 0
[INSERT], 259, 0
[INSERT], 260, 0
[INSERT], 261, 0
[INSERT], 262, 0
[INSERT], 263, 0
[INSERT], 264, 0
[INSERT], 265, 0
[INSERT], 266, 0
[INSERT], 267, 0
[INSERT], 268, 0
[INSERT], 269, 0
[INSERT], 270, 0
[INSERT], 271, 0
[INSERT], 272, 0
[INSERT], 273, 0
[INSERT], 274, 0
[INSERT], 275, 0
[INSERT], 276, 0
[INSERT], 277, 0
[INSERT], 278, 0
[INSERT], 279, 0
[INSERT], 280, 0
[INSERT], 281, 0
[INSERT], 282, 0
[INSERT], 283, 0
[INSERT], 284, 0
[INSERT], 285, 0
[INSERT], 286, 0
[INSERT], 287, 0
[INSERT], 288, 0
[INSERT], 289, 0
[INSERT], 290, 0
[INSERT], 291, 0
[INSERT], 292, 0
[INSERT], 293, 0
[INSERT], 294, 0
[INSERT], 295, 0
[INSERT], 296, 0
[INSERT], 297, 0
[INSERT], 298, 0
[INSERT], 299, 0
[INSERT], 300, 0
[INSERT], 301, 0
[INSERT], 302, 0
[INSERT], 303, 0
[INSERT], 304, 0
[INSERT], 305, 0
[INSERT], 306, 0
[INSERT], 307, 0
[INSERT], 308, 0
[INSERT], 309, 0
[INSERT], 310, 0
[INSERT], 311, 0
[INSERT], 312, 0
[INSERT], 313, 0
[INSERT], 314, 0
[INSERT], 315, 0
[INSERT], 316, 0
[INSERT], 317, 0
[INSERT], 318, 0
[INSERT], 319, 0
[INSERT], 320, 0
[INSERT], 321, 0
[INSERT], 322, 0
[INSERT], 323, 0
[INSERT], 324, 0
[INSERT], 325, 0
[INSERT], 326, 0
[INSERT], 327, 0
[INSERT], 328, 0
[INSERT], 329, 0
[INSERT], 330, 0
[INSERT], 331, 0
[INSERT], 332, 0
[INSERT], 333, 0
[INSERT], 334, 0
[INSERT], 335, 0
[INSERT], 336, 0
[INSERT], 337, 0
[INSERT], 338, 0
[INSERT], 339, 0
[INSERT], 340, 0
[INSERT], 341, 0
[INSERT], 342, 0
[INSERT], 343, 0
[INSERT], 344, 0
[INSERT], 345, 0
[INSERT], 346, 0
[INSERT], 347, 0
[INSERT], 348, 0
[INSERT], 349, 0
[INSERT], 350, 0
[INSERT], 351, 0
[INSERT], 352, 0
[INSERT], 353, 0
[INSERT], 354, 0
[INSERT], 355, 0
[INSERT], 356, 0
[INSERT], 357, 0
[INSERT], 358, 0
[INSERT], 359, 0
[INSERT], 360, 0
[INSERT], 361, 0
[INSERT], 362, 0
[INSERT], 363, 0
[INSERT], 364, 0
[INSERT], 365, 0
[INSERT], 366, 0
[INSERT], 367, 0
[INSERT], 368, 0
[INSERT], 369, 0
[INSERT], 370, 0
[INSERT], 371, 0
[INSERT], 372, 0
[INSERT], 373, 0
[INSERT], 374, 0
[INSERT], 375, 0
[INSERT], 376, 0
[INSERT], 377, 0
[INSERT], 378, 0
[INSERT], 379, 0
[INSERT], 380, 0
[INSERT], 381, 0
[INSERT], 382, 0
[INSERT], 383, 0
[INSERT], 384, 0
[INSERT], 385, 0
[INSERT], 386, 0
[INSERT], 387, 0
[INSERT], 388, 0
[INSERT], 389, 0
[INSERT], 390, 0
[INSERT], 391, 0
[INSERT], 392, 0
[INSERT], 393, 0
[INSERT], 394, 0
[INSERT], 395, 0
[INSERT], 396, 0
[INSERT], 397, 0
[INSERT], 398, 0
[INSERT], 399, 0
[INSERT], 400, 0
[INSERT], 401, 0
[INSERT], 402, 0
[INSERT], 403, 0
[INSERT], 404, 0
[INSERT], 405, 0
[INSERT], 406, 0
[INSERT], 407, 0
[INSERT], 408, 0
[INSERT], 409, 0
[INSERT], 410, 0
[INSERT], 411, 0
[INSERT], 412, 0
[INSERT], 413, 0
[INSERT], 414, 0
[INSERT], 415, 0
[INSERT], 416, 0
[INSERT], 417, 0
[INSERT], 418, 0
[INSERT], 419, 0
[INSERT], 420, 0
[INSERT], 421, 0
[INSERT], 422, 0
[INSERT], 423, 0
[INSERT], 424, 0
[INSERT], 425, 0
[INSERT], 426, 0
[INSERT], 427, 0
[INSERT], 428, 0
[INSERT], 429, 0
[INSERT], 430, 0
[INSERT], 431, 0
[INSERT], 432, 0
[INSERT], 433, 0
[INSERT], 434, 0
[INSERT], 435, 0
[INSERT], 436, 0
[INSERT], 437, 0
[INSERT], 438, 0
[INSERT], 439, 0
[INSERT], 440, 0
[INSERT], 441, 0
[INSERT], 442, 0
[INSERT], 443, 0
[INSERT], 444, 0
[INSERT], 445, 0
[INSERT], 446, 0
[INSERT], 447, 0
[INSERT], 448, 0
[INSERT], 449, 0
[INSERT], 450, 0
[INSERT], 451, 0
[INSERT], 452, 0
[INSERT], 453, 0
[INSERT], 454, 0
[INSERT], 455, 0
[INSERT], 456, 0
[INSERT], 457, 0
[INSERT], 458, 0
[INSERT], 459, 0
[INSERT], 460, 0
[INSERT], 461, 0
[INSERT], 462, 0
[INSERT], 463, 0
[INSERT], 464, 0
[INSERT], 465, 0
[INSERT], 466, 0
[INSERT], 467, 0
[INSERT], 468, 0
[INSERT], 469, 0
[INSERT], 470, 0
[INSERT], 471, 0
[INSERT], 472, 0
[INSERT], 473, 0
[INSERT], 474, 0
[INSERT], 475, 0
[INSERT], 476, 0
[INSERT], 477, 0
[INSERT], 478, 0
[INSERT], 479, 0
[INSERT], 480, 0
[INSERT], 481, 0
[INSERT], 482, 0
[INSERT], 483, 0
[INSERT], 484, 0
[INSERT], 485, 0
[INSERT], 486, 0
[INSERT], 487, 0
[INSERT], 488, 0
[INSERT], 489, 0
[INSERT], 490, 0
[INSERT], 491, 0
[INSERT], 492, 0
[INSERT], 493, 0
[INSERT], 494, 0
[INSERT], 495, 0
[INSERT], 496, 0
[INSERT], 497, 0
[INSERT], 498, 0
[INSERT], 499, 0
[INSERT], 500, 0
[INSERT], 501, 0
[INSERT], 502, 0
[INSERT], 503, 0
[INSERT], 504, 0
[INSERT], 505, 0
[INSERT], 506, 0
[INSERT], 507, 0
[INSERT], 508, 0
[INSERT], 509, 0
[INSERT], 510, 0
[INSERT], 511, 0
[INSERT], 512, 0
[INSERT], 513, 0
[INSERT], 514, 0
[INSERT], 515, 0
[INSERT], 516, 0
[INSERT], 517, 0
[INSERT], 518, 0
[INSERT], 519, 0
[INSERT], 520, 0
[INSERT], 521, 0
[INSERT], 522, 0
[INSERT], 523, 0
[INSERT], 524, 0
[INSERT], 525, 0
[INSERT], 526, 0
[INSERT], 527, 0
[INSERT], 528, 0
[INSERT], 529, 0
[INSERT], 530, 0
[INSERT], 531, 0
[INSERT], 532, 0
[INSERT], 533, 0
[INSERT], 534, 0
[INSERT], 535, 0
[INSERT], 536, 0
[INSERT], 537, 0
[INSERT], 538, 0
[INSERT], 539, 0
[INSERT], 540, 0
[INSERT], 541, 0
[INSERT], 542, 0
[INSERT], 543, 0
[INSERT], 544, 0
[INSERT], 545, 0
[INSERT], 546, 0
[INSERT], 547, 0
[INSERT], 548, 0
[INSERT], 549, 0
[INSERT], 550, 0
[INSERT], 551, 0
[INSERT], 552, 0
[INSERT], 553, 0
[INSERT], 554, 0
[INSERT], 555, 0
[INSERT], 556, 0
[INSERT], 557, 0
[INSERT], 558, 0
[INSERT], 559, 0
[INSERT], 560, 0
[INSERT], 561, 0
[INSERT], 562, 0
[INSERT], 563, 0
[INSERT], 564, 0
[INSERT], 565, 0
[INSERT], 566, 0
[INSERT], 567, 0
[INSERT], 568, 0
[INSERT], 569, 0
[INSERT], 570, 0
[INSERT], 571, 0
[INSERT], 572, 0
[INSERT], 573, 0
[INSERT], 574, 0
[INSERT], 575, 0
[INSERT], 576, 0
[INSERT], 577, 0
[INSERT], 578, 0
[INSERT], 579, 0
[INSERT], 580, 0
[INSERT], 581, 0
[INSERT], 582, 0
[INSERT], 583, 0
[INSERT], 584, 0
[INSERT], 585, 0
[INSERT], 586, 0
[INSERT], 587, 0
[INSERT], 588, 0
[INSERT], 589, 0
[INSERT], 590, 0
[INSERT], 591, 0
[INSERT], 592, 0
[INSERT], 593, 0
[INSERT], 594, 0
[INSERT], 595, 0
[INSERT], 596, 0
[INSERT], 597, 0
[INSERT], 598, 0
[INSERT], 599, 0
[INSERT], 600, 0
[INSERT], 601, 0
[INSERT], 602, 0
[INSERT], 603, 0
[INSERT], 604, 0
[INSERT], 605, 0
[INSERT], 606, 0
[INSERT], 607, 0
[INSERT], 608, 0
[INSERT], 609, 0
[INSERT], 610, 0
[INSERT], 611, 0
[INSERT], 612, 0
[INSERT], 613, 0
[INSERT], 614, 0
[INSERT], 615, 0
[INSERT], 616, 0
[INSERT], 617, 0
[INSERT], 618, 0
[INSERT], 619, 0
[INSERT], 620, 0
[INSERT], 621, 0
[INSERT], 622, 0
[INSERT], 623, 0
[INSERT], 624, 0
[INSERT], 625, 0
[INSERT], 626, 0
[INSERT], 627, 0
[INSERT], 628, 0
[INSERT], 629, 0
[INSERT], 630, 0
[INSERT], 631, 0
[INSERT], 632, 0
[INSERT], 633, 0
[INSERT], 634, 0
[INSERT], 635, 0
[INSERT], 636, 0
[INSERT], 637, 0
[INSERT], 638, 0
[INSERT], 639, 0
[INSERT], 640, 0
[INSERT], 641, 0
[INSERT], 642, 0
[INSERT], 643, 0
[INSERT], 644, 0
[INSERT], 645, 0
[INSERT], 646, 0
[INSERT], 647, 0
[INSERT], 648, 0
[INSERT], 649, 0
[INSERT], 650, 0
[INSERT], 651, 0
[INSERT], 652, 0
[INSERT], 653, 0
[INSERT], 654, 0
[INSERT], 655, 0
[INSERT], 656, 0
[INSERT], 657, 0
[INSERT], 658, 0
[INSERT], 659, 0
[INSERT], 660, 0
[INSERT], 661, 0
[INSERT], 662, 0
[INSERT], 663, 0
[INSERT], 664, 0
[INSERT], 665, 0
[INSERT], 666, 0
[INSERT], 667, 0
[INSERT], 668, 0
[INSERT], 669, 0
[INSERT], 670, 0
[INSERT], 671, 0
[INSERT], 672, 0
[INSERT], 673, 0
[INSERT], 674, 0
[INSERT], 675, 0
[INSERT], 676, 0
[INSERT], 677, 0
[INSERT], 678, 0
[INSERT], 679, 0
[INSERT], 680, 0
[INSERT], 681, 0
[INSERT], 682, 0
[INSERT], 683, 0
[INSERT], 684, 0
[INSERT], 685, 0
[INSERT], 686, 0
[INSERT], 687, 0
[INSERT], 688, 0
[INSERT], 689, 0
[INSERT], 690, 0
[INSERT], 691, 0
[INSERT], 692, 0
[INSERT], 693, 0
[INSERT], 694, 0
[INSERT], 695, 0
[INSERT], 696, 0
[INSERT], 697, 0
[INSERT], 698, 0
[INSERT], 699, 0
[INSERT], 700, 0
[INSERT], 701, 0
[INSERT], 702, 0
[INSERT], 703, 0
[INSERT], 704, 0
[INSERT], 705, 0
[INSERT], 706, 0
[INSERT], 707, 0
[INSERT], 708, 0
[INSERT], 709, 0
[INSERT], 710, 0
[INSERT], 711, 0
[INSERT], 712, 0
[INSERT], 713, 0
[INSERT], 714, 0
[INSERT], 715, 0
[INSERT], 716, 0
[INSERT], 717, 0
[INSERT], 718, 0
[INSERT], 719, 0
[INSERT], 720, 0
[INSERT], 721, 0
[INSERT], 722, 0
[INSERT], 723, 0
[INSERT], 724, 0
[INSERT], 725, 0
[INSERT], 726, 0
[INSERT], 727, 0
[INSERT], 728, 0
[INSERT], 729, 0
[INSERT], 730, 0
[INSERT], 731, 0
[INSERT], 732, 0
[INSERT], 733, 0
[INSERT], 734, 0
[INSERT], 735, 0
[INSERT], 736, 0
[INSERT], 737, 0
[INSERT], 738, 0
[INSERT], 739, 0
[INSERT], 740, 0
[INSERT], 741, 0
[INSERT], 742, 0
[INSERT], 743, 0
[INSERT], 744, 0
[INSERT], 745, 0
[INSERT], 746, 0
[INSERT], 747, 0
[INSERT], 748, 0
[INSERT], 749, 0
[INSERT], 750, 0
[INSERT], 751, 0
[INSERT], 752, 0
[INSERT], 753, 0
[INSERT], 754, 0
[INSERT], 755, 0
[INSERT], 756, 0
[INSERT], 757, 0
[INSERT], 758, 0
[INSERT], 759, 0
[INSERT], 760, 0
[INSERT], 761, 0
[INSERT], 762, 0
[INSERT], 763, 0
[INSERT], 764, 0
[INSERT], 765, 0
[INSERT], 766, 0
[INSERT], 767, 0
[INSERT], 768, 0
[INSERT], 769, 0
[INSERT], 770, 0
[INSERT], 771, 0
[INSERT], 772, 0
[INSERT], 773, 0
[INSERT], 774, 0
[INSERT], 775, 0
[INSERT], 776, 0
[INSERT], 777, 0
[INSERT], 778, 0
[INSERT], 779, 0
[INSERT], 780, 0
[INSERT], 781, 0
[INSERT], 782, 0
[INSERT], 783, 0
[INSERT], 784, 0
[INSERT], 785, 0
[INSERT], 786, 0
[INSERT], 787, 0
[INSERT], 788, 0
[INSERT], 789, 0
[INSERT], 790, 0
[INSERT], 791, 0
[INSERT], 792, 0
[INSERT], 793, 0
[INSERT], 794, 0
[INSERT], 795, 0
[INSERT], 796, 0
[INSERT], 797, 0
[INSERT], 798, 0
[INSERT], 799, 0
[INSERT], 800, 0
[INSERT], 801, 0
[INSERT], 802, 0
[INSERT], 803, 0
[INSERT], 804, 0
[INSERT], 805, 0
[INSERT], 806, 0
[INSERT], 807, 0
[INSERT], 808, 0
[INSERT], 809, 0
[INSERT], 810, 0
[INSERT], 811, 0
[INSERT], 812, 0
[INSERT], 813, 0
[INSERT], 814, 0
[INSERT], 815, 0
[INSERT], 816, 0
[INSERT], 817, 0
[INSERT], 818, 0
[INSERT], 819, 0
[INSERT], 820, 0
[INSERT], 821, 0
[INSERT], 822, 0
[INSERT], 823, 0
[INSERT], 824, 0
[INSERT], 825, 0
[INSERT], 826, 0
[INSERT], 827, 0
[INSERT], 828, 0
[INSERT], 829, 0
[INSERT], 830, 0
[INSERT], 831, 0
[INSERT], 832, 0
[INSERT], 833, 0
[INSERT], 834, 0
[INSERT], 835, 0
[INSERT], 836, 0
[INSERT], 837, 0
[INSERT], 838, 0
[INSERT], 839, 0
[INSERT], 840, 0
[INSERT], 841, 0
[INSERT], 842, 0
[INSERT], 843, 0
[INSERT], 844, 0
[INSERT], 845, 0
[INSERT], 846, 0
[INSERT], 847, 0
[INSERT], 848, 0
[INSERT], 849, 0
[INSERT], 850, 0
[INSERT], 851, 0
[INSERT], 852, 0
[INSERT], 853, 0
[INSERT], 854, 0
[INSERT], 855, 0
[INSERT], 856, 0
[INSERT], 857, 0
[INSERT], 858, 0
[INSERT], 859, 0
[INSERT], 860, 0
[INSERT], 861, 0
[INSERT], 862, 0
[INSERT], 863, 0
[INSERT], 864, 0
[INSERT], 865, 0
[INSERT], 866, 0
[INSERT], 867, 0
[INSERT], 868, 0
[INSERT], 869, 0
[INSERT], 870, 0
[INSERT], 871, 0
[INSERT], 872, 0
[INSERT], 873, 0
[INSERT], 874, 0
[INSERT], 875, 0
[INSERT], 876, 0
[INSERT], 877, 0
[INSERT], 878, 0
[INSERT], 879, 0
[INSERT], 880, 0
[INSERT], 881, 0
[INSERT], 882, 0
[INSERT], 883, 0
[INSERT], 884, 0
[INSERT], 885, 0
[INSERT], 886, 0
[INSERT], 887, 0
[INSERT], 888, 0
[INSERT], 889, 0
[INSERT], 890, 0
[INSERT], 891, 0
[INSERT], 892, 0
[INSERT], 893, 0
[INSERT], 894, 0
[INSERT], 895, 0
[INSERT], 896, 0
[INSERT], 897, 0
[INSERT], 898, 0
[INSERT], 899, 0
[INSERT], 900, 0
[INSERT], 901, 0
[INSERT], 902, 0
[INSERT], 903, 0
[INSERT], 904, 0
[INSERT], 905, 0
[INSERT], 906, 0
[INSERT], 907, 0
[INSERT], 908, 0
[INSERT], 909, 0
[INSERT], 910, 0
[INSERT], 911, 0
[INSERT], 912, 0
[INSERT], 913, 0
[INSERT], 914, 0
[INSERT], 915, 0
[INSERT], 916, 0
[INSERT], 917, 0
[INSERT], 918, 0
[INSERT], 919, 0
[INSERT], 920, 0
[INSERT], 921, 0
[INSERT], 922, 0
[INSERT], 923, 0
[INSERT], 924, 0
[INSERT], 925, 0
[INSERT], 926, 0
[INSERT], 927, 0
[INSERT], 928, 0
[INSERT], 929, 0
[INSERT], 930, 0
[INSERT], 931, 0
[INSERT], 932, 0
[INSERT], 933, 0
[INSERT], 934, 0
[INSERT], 935, 0
[INSERT], 936, 0
[INSERT], 937, 0
[INSERT], 938, 0
[INSERT], 939, 0
[INSERT], 940, 0
[INSERT], 941, 0
[INSERT], 942, 0
[INSERT], 943, 0
[INSERT], 944, 0
[INSERT], 945, 0
[INSERT], 946, 0
[INSERT], 947, 0
[INSERT], 948, 0
[INSERT], 949, 0
[INSERT], 950, 0
[INSERT], 951, 0
[INSERT], 952, 0
[INSERT], 953, 0
[INSERT], 954, 0
[INSERT], 955, 0
[INSERT], 956, 0
[INSERT], 957, 0
[INSERT], 958, 0
[INSERT], 959, 0
[INSERT], 960, 0
[INSERT], 961, 0
[INSERT], 962, 0
[INSERT], 963, 0
[INSERT], 964, 0
[INSERT], 965, 0
[INSERT], 966, 0
[INSERT], 967, 0
[INSERT], 968, 0
[INSERT], 969, 0
[INSERT], 970, 0
[INSERT], 971, 0
[INSERT], 972, 0
[INSERT], 973, 0
[INSERT], 974, 0
[INSERT], 975, 0
[INSERT], 976, 0
[INSERT], 977, 0
[INSERT], 978, 0
[INSERT], 979, 0
[INSERT], 980, 0
[INSERT], 981, 0
[INSERT], 982, 0
[INSERT], 983, 0
[INSERT], 984, 0
[INSERT], 985, 0
[INSERT], 986, 0
[INSERT], 987, 0
[INSERT], 988, 0
[INSERT], 989, 0
[INSERT], 990, 0
[INSERT], 991, 0
[INSERT], 992, 0
[INSERT], 993, 0
[INSERT], 994, 0
[INSERT], 995, 0
[INSERT], 996, 0
[INSERT], 997, 0
[INSERT], 998, 0
[INSERT], 999, 0
[INSERT], >1000, 0
com.yahoo.ycsb.BasicDB
java -cp C:\Users\Proprietario\YCSB\accumulo\src\main\conf;C:\Users\Proprietario\YCSB\core\target\core-0.1.4.jar;C:\Users\Proprietario\YCSB\dynamodb\conf;C:\Users\Proprietario\YCSB\gemfire\src\main\conf;C:\Users\Proprietario\YCSB\hbase\src\main\conf;C:\Users\Proprietario\YCSB\infinispan\src\main\conf;C:\Users\Proprietario\YCSB\jdbc\src\main\conf;C:\Users\Proprietario\YCSB\nosqldb\src\main\conf;C:\Users\Proprietario\YCSB\voldemort\src\main\conf com.yahoo.ycsb.Client -db com.yahoo.ycsb.BasicDB -P C:\Users\Proprietario\YCSB\workloads\workloada -s -load
