#
# There is insufficient memory for the Java Runtime Environment to continue.
# Native memory allocation (malloc) failed to allocate 32744 bytes for ChunkPool::allocate
# Possible reasons:
#   The system is out of physical RAM or swap space
#   In 32 bit mode, the process size limit was hit
# Possible solutions:
#   Reduce memory load on the system
#   Increase physical memory or swap space
#   Check if swap backing store is full
#   Use 64 bit Java on a 64 bit OS
#   Decrease Java heap size (-Xmx/-Xms)
#   Decrease number of Java threads
#   Decrease Java thread stack sizes (-Xss)
#   Set larger code cache with -XX:ReservedCodeCacheSize=
# This output file may be truncated or incomplete.
#
#  Out of Memory Error (allocation.cpp:273), pid=17716, tid=1656
#
# JRE version: Java(TM) SE Runtime Environment (8.0_20-b26) (build 1.8.0_20-b26)
# Java VM: Java HotSpot(TM) 64-Bit Server VM (25.20-b23 mixed mode windows-amd64 compressed oops)
# Failed to write core dump. Minidumps are not enabled by default on client versions of Windows
#

---------------  T H R E A D  ---------------

Current thread (0x0000000056110800):  JavaThread "C2 CompilerThread2" daemon [_thread_in_native, id=1656, stack(0x0000000057420000,0x0000000057520000)]

Stack: [0x0000000057420000,0x0000000057520000]
[error occurred during error reporting (printing stack bounds), id 0xc0000005]

Native frames: (J=compiled Java code, j=interpreted, Vv=VM code, C=native code)
V  [jvm.dll+0x3152fa]
V  [jvm.dll+0x265d03]
V  [jvm.dll+0x266943]
V  [jvm.dll+0x27f586]
V  [jvm.dll+0x28311c]
V  [jvm.dll+0x5ad52f]
C  [msvcr100.dll+0x712e3]
V  [jvm.dll+0x5acc2d]
C  [ntdll.dll+0x29d2d]
C  [ntdll.dll+0x191cf]
C  [ntdll.dll+0x51248]
V  [jvm.dll+0x205611]


Current CompileTask:
C2:  53552 1043   !   4       sun.nio.ch.WindowsSelectorImpl$SubSelector::processFDSet (374 bytes)


---------------  P R O C E S S  ---------------

Java Threads: ( => current thread )
  0x0000000058497800 JavaThread "DestroyJavaVM" [_thread_blocked, id=19104, stack(0x0000000001ff0000,0x00000000020f0000)]
  0x0000000058493000 JavaThread "Hashed wheel timer #1" [_thread_blocked, id=17584, stack(0x000000005a6b0000,0x000000005a7b0000)]
  0x0000000058492800 JavaThread "Hashed wheel timer #2" [_thread_blocked, id=19068, stack(0x000000005a420000,0x000000005a520000)]
  0x0000000058491800 JavaThread "New I/O boss #17" [_thread_in_native, id=15640, stack(0x0000000059a80000,0x0000000059b80000)]
  0x0000000058491000 JavaThread "New I/O worker #16" [_thread_in_native, id=19352, stack(0x0000000059ff0000,0x000000005a0f0000)]
  0x0000000058490000 JavaThread "New I/O worker #15" [_thread_in_native, id=17136, stack(0x0000000059e70000,0x0000000059f70000)]
  0x000000005848f800 JavaThread "New I/O worker #14" [_thread_in_native, id=18452, stack(0x0000000059d00000,0x0000000059e00000)]
  0x000000005848e800 JavaThread "New I/O worker #13" [_thread_in_native, id=19216, stack(0x0000000059b90000,0x0000000059c90000)]
  0x000000005848e000 JavaThread "New I/O worker #12" [_thread_in_native, id=16832, stack(0x00000000598f0000,0x00000000599f0000)]
  0x000000005848d000 JavaThread "New I/O worker #11" [_thread_in_native, id=19232, stack(0x00000000596f0000,0x00000000597f0000)]
  0x000000005848c800 JavaThread "New I/O worker #10" [_thread_in_native, id=12392, stack(0x00000000595a0000,0x00000000596a0000)]
  0x00000000583f8800 JavaThread "New I/O worker #9" [_thread_in_native, id=18080, stack(0x0000000059420000,0x0000000059520000)]
  0x00000000583f4800 JavaThread "New I/O worker #8" [_thread_in_native, id=18532, stack(0x0000000059280000,0x0000000059380000)]
  0x00000000584ff800 JavaThread "New I/O worker #7" [_thread_in_native, id=18548, stack(0x00000000590c0000,0x00000000591c0000)]
  0x00000000584fb800 JavaThread "New I/O worker #6" [_thread_in_native, id=19296, stack(0x0000000058db0000,0x0000000058eb0000)]
  0x0000000058437800 JavaThread "New I/O worker #5" [_thread_in_native, id=10664, stack(0x0000000058f50000,0x0000000059050000)]
  0x0000000058435800 JavaThread "New I/O worker #4" [_thread_in_native, id=18436, stack(0x0000000058c60000,0x0000000058d60000)]
  0x000000005842f800 JavaThread "New I/O worker #3" [_thread_in_native, id=16860, stack(0x0000000058ad0000,0x0000000058bd0000)]
  0x0000000058407800 JavaThread "New I/O worker #2" [_thread_in_native, id=18744, stack(0x0000000057bd0000,0x0000000057cd0000)]
  0x00000000583c2000 JavaThread "New I/O worker #1" [_thread_in_native, id=19184, stack(0x0000000058990000,0x0000000058a90000)]
  0x000000005840c800 JavaThread "Reaper-0" [_thread_blocked, id=18740, stack(0x0000000058850000,0x0000000058950000)]
  0x0000000056184800 JavaThread "Service Thread" daemon [_thread_blocked, id=17652, stack(0x0000000057a90000,0x0000000057b90000)]
  0x000000005613f000 JavaThread "C1 CompilerThread3" daemon [_thread_blocked, id=18624, stack(0x0000000057940000,0x0000000057a40000)]
=>0x0000000056110800 JavaThread "C2 CompilerThread2" daemon [_thread_in_native, id=1656, stack(0x0000000057420000,0x0000000057520000)]
  0x0000000056103800 JavaThread "C2 CompilerThread1" daemon [_thread_blocked, id=4868, stack(0x0000000057800000,0x0000000057900000)]
  0x00000000560fd800 JavaThread "C2 CompilerThread0" daemon [_thread_blocked, id=19224, stack(0x00000000576f0000,0x00000000577f0000)]
  0x00000000560f9000 JavaThread "Attach Listener" daemon [_thread_blocked, id=18768, stack(0x0000000057540000,0x0000000057640000)]
  0x00000000560f8000 JavaThread "Signal Dispatcher" daemon [_thread_blocked, id=18500, stack(0x0000000057020000,0x0000000057120000)]
  0x0000000055036800 JavaThread "Finalizer" daemon [_thread_blocked, id=18680, stack(0x00000000121c0000,0x00000000122c0000)]
  0x0000000055033000 JavaThread "Reference Handler" daemon [_thread_blocked, id=17760, stack(0x0000000057300000,0x0000000057400000)]

Other Threads:
  0x00000000560a3000 VMThread [stack: 0x00000000571a0000,0x00000000572a0000] [id=17688]
  0x000000005619f800 WatcherThread [stack: 0x0000000057d00000,0x0000000057e00000] [id=19084]

VM state:not at safepoint (normal execution)

VM Mutex/Monitor currently owned by a thread: None

Heap:
 PSYoungGen      total 18944K, used 7179K [0x00000000eb400000, 0x00000000ec900000, 0x0000000100000000)
  eden space 16384K, 28% used [0x00000000eb400000,0x00000000eb886d58,0x00000000ec400000)
  from space 2560K, 99% used [0x00000000ec680000,0x00000000ec8fc010,0x00000000ec900000)
  to   space 2560K, 0% used [0x00000000ec400000,0x00000000ec400000,0x00000000ec680000)
 ParOldGen       total 44032K, used 2499K [0x00000000c1c00000, 0x00000000c4700000, 0x00000000eb400000)
  object space 44032K, 5% used [0x00000000c1c00000,0x00000000c1e70cf8,0x00000000c4700000)
 Metaspace       used 10949K, capacity 11174K, committed 11520K, reserved 1058816K
  class space    used 1386K, capacity 1432K, committed 1536K, reserved 1048576K

Card table byte_map: [0x0000000011780000,0x0000000011980000] byte_map_base: 0x0000000011172000

Marking Bits: (ParMarkBitMap*) 0x0000000065abb460
 Begin Bits: [0x0000000012530000, 0x00000000134c0000)
 End Bits:   [0x00000000134c0000, 0x0000000014450000)

Polling page: 0x0000000000310000

CodeCache: size=245760Kb used=3617Kb max_used=3628Kb free=242142Kb
 bounds [0x00000000023c0000, 0x0000000002750000, 0x00000000113c0000]
 total_blobs=1400 nmethods=1042 adapters=272
 compilation: enabled

Compilation events (10 events):
Event: 20.235 Thread 0x000000005613f000 nmethod 1038 0x00000000027487d0 code [0x0000000002748980, 0x0000000002748f38]
Event: 36.511 Thread 0x0000000056110800 1039 % !   4       org.jboss.netty.util.HashedWheelTimer$Worker::waitForNextTick @ 18 (113 bytes)
Event: 36.513 Thread 0x0000000056110800 nmethod 1039% 0x000000000274be90 code [0x000000000274bfe0, 0x000000000274c1a8]
Event: 36.514 Thread 0x0000000056103800 1040   !   4       org.jboss.netty.util.HashedWheelTimer$Worker::waitForNextTick (113 bytes)
Event: 36.516 Thread 0x0000000056103800 nmethod 1040 0x000000000274a450 code [0x000000000274a5a0, 0x000000000274a7a8]
Event: 50.865 Thread 0x0000000056103800 1041       4       java.util.concurrent.atomic.AtomicBoolean::get (13 bytes)
Event: 50.866 Thread 0x0000000056103800 nmethod 1041 0x000000000270b550 code [0x000000000270b680, 0x000000000270b6d8]
Event: 51.881 Thread 0x00000000560fd800 1042       4       java.util.HashSet::isEmpty (8 bytes)
Event: 51.882 Thread 0x00000000560fd800 nmethod 1042 0x000000000270ec50 code [0x000000000270ed80, 0x000000000270edf8]
Event: 52.861 Thread 0x0000000056110800 1043   !   4       sun.nio.ch.WindowsSelectorImpl$SubSelector::processFDSet (374 bytes)

GC Heap History (4 events):
Event: 0.861 GC heap before
{Heap before GC invocations=1 (full 0):
 PSYoungGen      total 18944K, used 16384K [0x00000000eb400000, 0x00000000ec900000, 0x0000000100000000)
  eden space 16384K, 100% used [0x00000000eb400000,0x00000000ec400000,0x00000000ec400000)
  from space 2560K, 0% used [0x00000000ec680000,0x00000000ec680000,0x00000000ec900000)
  to   space 2560K, 0% used [0x00000000ec400000,0x00000000ec400000,0x00000000ec680000)
 ParOldGen       total 44032K, used 0K [0x00000000c1c00000, 0x00000000c4700000, 0x00000000eb400000)
  object space 44032K, 0% used [0x00000000c1c00000,0x00000000c1c00000,0x00000000c4700000)
 Metaspace       used 6825K, capacity 6982K, committed 7040K, reserved 1056768K
  class space    used 838K, capacity 888K, committed 896K, reserved 1048576K
Event: 0.864 GC heap after
Heap after GC invocations=1 (full 0):
 PSYoungGen      total 18944K, used 2550K [0x00000000eb400000, 0x00000000ec900000, 0x0000000100000000)
  eden space 16384K, 0% used [0x00000000eb400000,0x00000000eb400000,0x00000000ec400000)
  from space 2560K, 99% used [0x00000000ec400000,0x00000000ec67da50,0x00000000ec680000)
  to   space 2560K, 0% used [0x00000000ec680000,0x00000000ec680000,0x00000000ec900000)
 ParOldGen       total 44032K, used 327K [0x00000000c1c00000, 0x00000000c4700000, 0x00000000eb400000)
  object space 44032K, 0% used [0x00000000c1c00000,0x00000000c1c51f20,0x00000000c4700000)
 Metaspace       used 6825K, capacity 6982K, committed 7040K, reserved 1056768K
  class space    used 838K, capacity 888K, committed 896K, reserved 1048576K
}
Event: 1.731 GC heap before
{Heap before GC invocations=2 (full 0):
 PSYoungGen      total 18944K, used 18934K [0x00000000eb400000, 0x00000000ec900000, 0x0000000100000000)
  eden space 16384K, 100% used [0x00000000eb400000,0x00000000ec400000,0x00000000ec400000)
  from space 2560K, 99% used [0x00000000ec400000,0x00000000ec67da50,0x00000000ec680000)
  to   space 2560K, 0% used [0x00000000ec680000,0x00000000ec680000,0x00000000ec900000)
 ParOldGen       total 44032K, used 327K [0x00000000c1c00000, 0x00000000c4700000, 0x00000000eb400000)
  object space 44032K, 0% used [0x00000000c1c00000,0x00000000c1c51f20,0x00000000c4700000)
 Metaspace       used 10530K, capacity 10726K, committed 10880K, reserved 1058816K
  class space    used 1336K, capacity 1368K, committed 1408K, reserved 1048576K
Event: 1.735 GC heap after
Heap after GC invocations=2 (full 0):
 PSYoungGen      total 18944K, used 2544K [0x00000000eb400000, 0x00000000ec900000, 0x0000000100000000)
  eden space 16384K, 0% used [0x00000000eb400000,0x00000000eb400000,0x00000000ec400000)
  from space 2560K, 99% used [0x00000000ec680000,0x00000000ec8fc010,0x00000000ec900000)
  to   space 2560K, 0% used [0x00000000ec400000,0x00000000ec400000,0x00000000ec680000)
 ParOldGen       total 44032K, used 2499K [0x00000000c1c00000, 0x00000000c4700000, 0x00000000eb400000)
  object space 44032K, 5% used [0x00000000c1c00000,0x00000000c1e70cf8,0x00000000c4700000)
 Metaspace       used 10530K, capacity 10726K, committed 10880K, reserved 1058816K
  class space    used 1336K, capacity 1368K, committed 1408K, reserved 1048576K
}

Deoptimization events (0 events):
No events

Internal exceptions (10 events):
Event: 1.907 Thread 0x0000000058407800 Exception <a 'java/security/PrivilegedActionException'> (0x00000000eb5d6d78) thrown at [D:\re\workspace\8-2-build-windows-amd64-cygwin\jdk8u20\1074\hotspot\src\share\vm\prims\jvm.cpp, line 1275]
Event: 1.907 Thread 0x0000000058407800 Exception <a 'java/security/PrivilegedActionException'> (0x00000000eb7e0d38) thrown at [D:\re\workspace\8-2-build-windows-amd64-cygwin\jdk8u20\1074\hotspot\src\share\vm\prims\jvm.cpp, line 1275]
Event: 1.908 Thread 0x0000000058496000 Exception <a 'java/security/PrivilegedActionException'> (0x00000000eb804620) thrown at [D:\re\workspace\8-2-build-windows-amd64-cygwin\jdk8u20\1074\hotspot\src\share\vm\prims\jvm.cpp, line 1275]
Event: 1.908 Thread 0x0000000058496000 Exception <a 'java/security/PrivilegedActionException'> (0x00000000eb80a7d8) thrown at [D:\re\workspace\8-2-build-windows-amd64-cygwin\jdk8u20\1074\hotspot\src\share\vm\prims\jvm.cpp, line 1275]
Event: 1.909 Thread 0x0000000058496000 Exception <a 'java/security/PrivilegedActionException'> (0x00000000eb8165e0) thrown at [D:\re\workspace\8-2-build-windows-amd64-cygwin\jdk8u20\1074\hotspot\src\share\vm\prims\jvm.cpp, line 1275]
Event: 1.909 Thread 0x0000000058496000 Exception <a 'java/security/PrivilegedActionException'> (0x00000000eb81bb48) thrown at [D:\re\workspace\8-2-build-windows-amd64-cygwin\jdk8u20\1074\hotspot\src\share\vm\prims\jvm.cpp, line 1275]
Event: 1.910 Thread 0x0000000058496000 Exception <a 'java/security/PrivilegedActionException'> (0x00000000eb8253a0) thrown at [D:\re\workspace\8-2-build-windows-amd64-cygwin\jdk8u20\1074\hotspot\src\share\vm\prims\jvm.cpp, line 1275]
Event: 1.910 Thread 0x0000000058496000 Exception <a 'java/security/PrivilegedActionException'> (0x00000000eb82df38) thrown at [D:\re\workspace\8-2-build-windows-amd64-cygwin\jdk8u20\1074\hotspot\src\share\vm\prims\jvm.cpp, line 1275]
Event: 1.911 Thread 0x0000000001cfe800 Exception <a 'java/security/PrivilegedActionException'> (0x00000000eb7b50e0) thrown at [D:\re\workspace\8-2-build-windows-amd64-cygwin\jdk8u20\1074\hotspot\src\share\vm\prims\jvm.cpp, line 1275]
Event: 2.300 Thread 0x0000000001cfe800 Exception <a 'java/security/PrivilegedActionException'> (0x00000000eb7bd770) thrown at [D:\re\workspace\8-2-build-windows-amd64-cygwin\jdk8u20\1074\hotspot\src\share\vm\prims\jvm.cpp, line 1275]

Events (10 events):
Event: 2.360 Thread 0x0000000058497800 Thread added: 0x0000000058497800
Event: 4.257 Executing VM operation: EnableBiasedLocking
Event: 4.257 Executing VM operation: EnableBiasedLocking done
Event: 31.758 Thread 0x0000000058494800 Thread exited: 0x0000000058494800
Event: 31.758 Thread 0x0000000058495800 Thread exited: 0x0000000058495800
Event: 31.758 Thread 0x0000000058494000 Thread exited: 0x0000000058494000
Event: 31.911 Thread 0x0000000058496000 Thread exited: 0x0000000058496000
Event: 32.299 Thread 0x0000000058497000 Thread exited: 0x0000000058497000
Event: 36.513 Thread 0x0000000058492800 DEOPT PACKING pc=0x0000000002736c48 sp=0x000000005a51f390
Event: 36.513 Thread 0x0000000058492800 DEOPT UNPACKING pc=0x00000000024075bf sp=0x000000005a51f0d8 mode 0


Dynamic libraries:
0x000000013fdd0000 - 0x000000013fe04000 	C:\Program Files\Java\jre1.8.0_20\bin\javaw.exe
0x00000000772f0000 - 0x0000000077499000 	C:\Windows\SYSTEM32\ntdll.dll
0x00000000771d0000 - 0x00000000772ef000 	C:\Windows\system32\kernel32.dll
0x000007fefd180000 - 0x000007fefd1ec000 	C:\Windows\system32\KERNELBASE.dll
0x000007fefe6f0000 - 0x000007fefe7cb000 	C:\Windows\system32\ADVAPI32.dll
0x000007feff030000 - 0x000007feff0cf000 	C:\Windows\system32\msvcrt.dll
0x000007fefef90000 - 0x000007fefefaf000 	C:\Windows\SYSTEM32\sechost.dll
0x000007feff250000 - 0x000007feff37d000 	C:\Windows\system32\RPCRT4.dll
0x00000000770d0000 - 0x00000000771ca000 	C:\Windows\system32\USER32.dll
0x000007fefe970000 - 0x000007fefe9d7000 	C:\Windows\system32\GDI32.dll
0x000007fefece0000 - 0x000007fefecee000 	C:\Windows\system32\LPK.dll
0x000007feff0d0000 - 0x000007feff199000 	C:\Windows\system32\USP10.dll
0x000007fefa9a0000 - 0x000007fefab94000 	C:\Windows\WinSxS\amd64_microsoft.windows.common-controls_6595b64144ccf1df_6.0.7601.17514_none_fa396087175ac9ac\COMCTL32.dll
0x000007feff1a0000 - 0x000007feff211000 	C:\Windows\system32\SHLWAPI.dll
0x000007feff220000 - 0x000007feff24e000 	C:\Windows\system32\IMM32.DLL
0x000007feff4f0000 - 0x000007feff5f9000 	C:\Windows\system32\MSCTF.dll
0x0000000064c40000 - 0x0000000064d12000 	C:\Program Files\Java\jre1.8.0_20\bin\msvcr100.dll
0x00000000652e0000 - 0x0000000065b38000 	C:\Program Files\Java\jre1.8.0_20\bin\server\jvm.dll
0x000007fef78c0000 - 0x000007fef78c9000 	C:\Windows\system32\WSOCK32.dll
0x000007fefe9e0000 - 0x000007fefea2d000 	C:\Windows\system32\WS2_32.dll
0x000007fefd4c0000 - 0x000007fefd4c8000 	C:\Windows\system32\NSI.dll
0x000007fefa570000 - 0x000007fefa5ab000 	C:\Windows\system32\WINMM.dll
0x00000000774b0000 - 0x00000000774b7000 	C:\Windows\system32\PSAPI.DLL
0x00000000721e0000 - 0x00000000721ef000 	C:\Program Files\Java\jre1.8.0_20\bin\verify.dll
0x000000006c490000 - 0x000000006c4b8000 	C:\Program Files\Java\jre1.8.0_20\bin\java.dll
0x000000006d1a0000 - 0x000000006d1b6000 	C:\Program Files\Java\jre1.8.0_20\bin\zip.dll
0x000007fefd960000 - 0x000007fefe6e8000 	C:\Windows\system32\SHELL32.dll
0x000007fefd6b0000 - 0x000007fefd8b3000 	C:\Windows\system32\ole32.dll
0x000007fefd100000 - 0x000007fefd10f000 	C:\Windows\system32\profapi.dll
0x000007fefc940000 - 0x000007fefc957000 	C:\Windows\system32\CRYPTSP.dll
0x000007fefc640000 - 0x000007fefc687000 	C:\Windows\system32\rsaenh.dll
0x000007fefd130000 - 0x000007fefd14e000 	C:\Windows\system32\USERENV.dll
0x000007fefcfa0000 - 0x000007fefcfaf000 	C:\Windows\system32\CRYPTBASE.dll
0x000000006c4f0000 - 0x000000006c50a000 	C:\Program Files\Java\jre1.8.0_20\bin\net.dll
0x000007fefc8e0000 - 0x000007fefc935000 	C:\Windows\system32\mswsock.dll
0x000007fefc8d0000 - 0x000007fefc8d7000 	C:\Windows\System32\wship6.dll
0x000007fefb950000 - 0x000007fefb977000 	C:\Windows\system32\IPHLPAPI.DLL
0x000007fefb940000 - 0x000007fefb94b000 	C:\Windows\system32\WINNSI.DLL
0x000007fefb750000 - 0x000007fefb768000 	C:\Windows\system32\dhcpcsvc.DLL
0x000007fefb730000 - 0x000007fefb741000 	C:\Windows\system32\dhcpcsvc6.DLL
0x000000006c470000 - 0x000000006c481000 	C:\Program Files\Java\jre1.8.0_20\bin\nio.dll
0x0000000070280000 - 0x00000000702a9000 	C:\Users\Proprietario\AppData\Local\Temp\snappy-unknown-e067e9eb-ae00-4ac2-92e3-f88ad9589bcd-snappyjava.dll
0x0000000066f40000 - 0x0000000066f68000 	C:\Users\Proprietario\AppData\Local\Temp\liblz4-java5972582511725550238.so
0x0000000071bc0000 - 0x0000000071bcd000 	C:\Program Files\Java\jre1.8.0_20\bin\management.dll
0x000007fef4b40000 - 0x000007fef4c65000 	C:\Windows\system32\dbghelp.dll

VM Arguments:
jvm_args: -Dfile.encoding=UTF-8 
java_command: com.yahoo.ycsb.db.CassandraCqlClient
java_class_path (initial): C:\Users\Proprietario\YCSB\cassandra\target\classes;C:\Users\Proprietario\.m2\repository\org\apache\cassandra\cassandra-all\0.7.0\cassandra-all-0.7.0.jar;C:\Users\Proprietario\.m2\repository\commons-cli\commons-cli\1.1\commons-cli-1.1.jar;C:\Users\Proprietario\.m2\repository\commons-codec\commons-codec\1.2\commons-codec-1.2.jar;C:\Users\Proprietario\.m2\repository\commons-collections\commons-collections\3.2.1\commons-collections-3.2.1.jar;C:\Users\Proprietario\.m2\repository\commons-lang\commons-lang\2.4\commons-lang-2.4.jar;C:\Users\Proprietario\.m2\repository\com\googlecode\concurrentlinkedhashmap\concurrentlinkedhashmap-lru\1.1\concurrentlinkedhashmap-lru-1.1.jar;C:\Users\Proprietario\.m2\repository\org\mortbay\jetty\jetty\6.1.21\jetty-6.1.21.jar;C:\Users\Proprietario\.m2\repository\org\mortbay\jetty\servlet-api\2.5-20081211\servlet-api-2.5-20081211.jar;C:\Users\Proprietario\.m2\repository\org\mortbay\jetty\jetty-util\6.1.21\jetty-util-6.1.21.jar;C:\Users\Proprietario\.m2\repository\org\antlr\antlr\3.1.3\antlr-3.1.3.jar;C:\Users\Proprietario\.m2\repository\org\antlr\antlr-runtime\3.1.3\antlr-runtime-3.1.3.jar;C:\Users\Proprietario\.m2\repository\org\antlr\stringtemplate\3.2\stringtemplate-3.2.jar;C:\Users\Proprietario\.m2\repository\org\codehaus\jackson\jackson-core-asl\1.4.0\jackson-core-asl-1.4.0.jar;C:\Users\Proprietario\.m2\repository\org\codehaus\jackson\jackson-mapper-asl\1.4.0\jackson-mapper-asl-1.4.0.jar;C:\Users\Proprietario\.m2\repository\jline\jline\0.9.94\jline-0.9.94.jar;C:\Users\Proprietario\.m2\repository\com\googlecode\json-simple\json-simple\1.1\json-simple-1.1.jar;C:\Users\Proprietario\.m2\repository\com\github\stephenc\high-scale-lib\high-scale-lib\1.1.1\high-scale-lib-1.1.1.jar;C:\Users\Proprietario\.m2\repository\org\yaml\snakeyaml\1.6\snakeyaml-1.6.jar;C:\Users\Proprietario\.m2\repository\org\safehaus\jug\jug\2.0.0\jug-2.0.0-asl.jar;C:\Users\Proprietario\.m2\repository\org\apache\cassandra\deps\avro\1.4.0-cassand
Launcher Type: SUN_STANDARD

Environment Variables:
JAVA_HOME=C:\Program Files\Java\jdk1.8.0_20
USERNAME=Proprietario
OS=Windows_NT
PROCESSOR_IDENTIFIER=Intel64 Family 6 Model 58 Stepping 9, GenuineIntel



---------------  S Y S T E M  ---------------

OS: Windows 7 , 64 bit Build 7601 Service Pack 1

CPU:total 8 (4 cores per cpu, 2 threads per core) family 6 model 58 stepping 9, cmov, cx8, fxsr, mmx, sse, sse2, sse3, ssse3, sse4.1, sse4.2, popcnt, avx, aes, clmul, erms, ht, tsc, tscinvbit, tscinv

Memory: 4k page, physical 4077476k(715612k free), swap 16308040k(302628k free)

vm_info: Java HotSpot(TM) 64-Bit Server VM (25.20-b23) for windows-amd64 JRE (1.8.0_20-b26), built on Jul 30 2014 13:51:23 by "java_re" with MS VC++ 10.0 (VS2010)

time: Tue Oct 14 17:00:36 2014
elapsed time: 53 seconds (0d 0h 0m 53s)

